2024/09/04 16:56:35 Sheret v1.2 serving . on HTTP port: 8100
2024/09/04 16:56:35 -- Press CTRL-C to terminate --
2024/09/04 16:56:36 [::1]:62778 GET /
2024/09/04 16:56:36 [::1]:62778 GET /index_files/fxlepb8eap
2024/09/04 16:56:36 [::1]:62779 GET /index_files/css2
2024/09/04 16:56:36 [::1]:62781 GET /index_files/bootstrap.min.css
2024/09/04 16:56:36 [::1]:62782 GET /index_files/ga.js.%CE%B1%CF%81%CF%87%CE%B5%CE%AF%CE%BF%20%CE%BB%CE%AE%CF%88%CE%B7%CF%82
2024/09/04 16:56:36 [::1]:62780 GET /index_files/all.min.css
2024/09/04 16:56:36 [::1]:62783 GET /index_files/meadowjane.png
2024/09/04 16:56:36 [::1]:62778 GET /index_files/ECamavinga.png
2024/09/04 16:56:36 [::1]:62783 GET /index_files/MmMDoHnUtS7069.png
2024/09/04 16:56:36 [::1]:62778 GET /index_files/lTenebrous.png
2024/09/04 16:56:36 [::1]:62780 GET /index_files/jquery-3.7.1.min.js.%CE%B1%CF%81%CF%87%CE%B5%CE%AF%CE%BF%20%CE%BB%CE%AE%CF%88%CE%B7%CF%82
2024/09/04 16:56:36 [::1]:62779 GET /index_files/popper.min.js.%CE%B1%CF%81%CF%87%CE%B5%CE%AF%CE%BF%20%CE%BB%CE%AE%CF%88%CE%B7%CF%82
2024/09/04 16:56:36 [::1]:62781 GET /index_files/OldCrazyN8.png
2024/09/04 16:56:36 [::1]:62783 GET /index_files/sweetalert2.all.min.js.%CE%B1%CF%81%CF%87%CE%B5%CE%AF%CE%BF%20%CE%BB%CE%AE%CF%88%CE%B7%CF%82
2024/09/04 16:56:36 [::1]:62781 GET /index_files/bootstrap.min.js.%CE%B1%CF%81%CF%87%CE%B5%CE%AF%CE%BF%20%CE%BB%CE%AE%CF%88%CE%B7%CF%82
2024/09/04 16:56:36 [::1]:62778 GET /index_files/tsparticles.bundle.min.js.%CE%B1%CF%81%CF%87%CE%B5%CE%AF%CE%BF%20%CE%BB%CE%AE%CF%88%CE%B7%CF%82
2024/09/04 16:56:36 [::1]:62782 GET /index_files/skin.min.js.%CE%B1%CF%81%CF%87%CE%B5%CE%AF%CE%BF%20%CE%BB%CE%AE%CF%88%CE%B7%CF%82
2024/09/04 16:56:36 [::1]:62779 GET /index_files/site.js.%CE%B1%CF%81%CF%87%CE%B5%CE%AF%CE%BF%20%CE%BB%CE%AE%CF%88%CE%B7%CF%82
2024/09/04 16:56:36 [::1]:62782 GET /index_files/discord.js.%CE%B1%CF%81%CF%87%CE%B5%CE%AF%CE%BF%20%CE%BB%CE%AE%CF%88%CE%B7%CF%82
2024/09/04 16:56:36 [::1]:62783 GET /index_files/sdk.js.%CE%B1%CF%81%CF%87%CE%B5%CE%AF%CE%BF%20%CE%BB%CE%AE%CF%88%CE%B7%CF%82
2024/09/04 16:56:36 [::1]:62781 GET /index_files/sdk-core-v1.1.60.js.%CE%B1%CF%81%CF%87%CE%B5%CE%AF%CE%BF%20%CE%BB%CE%AE%CF%88%CE%B7%CF%82
2024/09/04 16:56:36 [::1]:62778 GET /index_files/1.js.%CE%B1%CF%81%CF%87%CE%B5%CE%AF%CE%BF%20%CE%BB%CE%AE%CF%88%CE%B7%CF%82
2024/09/04 16:56:36 [::1]:62779 GET /index_files/f56ef34144a83f3c76d02c0644162248dc8ee340.png
2024/09/04 16:56:36 [::1]:62782 GET /index_files/50
2024/09/04 16:56:36 [::1]:62780 GET /index_files/16b280f6ac7e08cf82655b9ccb971c6df8d4558f.png
2024/09/04 16:56:36 [::1]:62782 GET /index_files/450cb976d1458714a73204f66e24e29f8d862755.png
2024/09/04 16:56:36 [::1]:62779 GET /index_files/coldfire.webp
2024/09/04 16:56:36 [::1]:62780 GET /webfonts/fa-solid-900.woff2
2024/09/04 16:56:36 [::1]:62780 GET /webfonts/fa-brands-400.woff2
2024/09/04 16:56:36 [::1]:62780 GET /index_files/tebex.png
2024/09/04 16:56:36 [::1]:62782 GET /index_files/device.js.%CE%B1%CF%81%CF%87%CE%B5%CE%AF%CE%BF%20%CE%BB%CE%AE%CF%88%CE%B7%CF%82
2024/09/04 16:56:36 [::1]:62783 GET /webfonts/fa-solid-900.ttf
2024/09/04 16:56:36 [::1]:62783 GET /webfonts/fa-brands-400.ttf
2024/09/04 17:00:54 [::1]:62928 GET /
2024/09/04 17:00:54 [::1]:62928 GET /index_files/fxlepb8eap
2024/09/04 17:00:54 [::1]:62929 GET /index_files/css2
2024/09/04 17:00:54 [::1]:62930 GET /index_files/all.min.css
2024/09/04 17:00:54 [::1]:62928 GET /index_files/bootstrap.min.css
2024/09/04 17:00:54 [::1]:62931 GET /index_files/meadowjane.png
2024/09/04 17:00:54 [::1]:62932 GET /index_files/ga.js.%CE%B1%CF%81%CF%87%CE%B5%CE%AF%CE%BF%20%CE%BB%CE%AE%CF%88%CE%B7%CF%82
2024/09/04 17:00:54 [::1]:62932 GET /index_files/ECamavinga.png
2024/09/04 17:00:54 [::1]:62932 GET /index_files/MmMDoHnUtS7069.png
2024/09/04 17:00:54 [::1]:62932 GET /index_files/lTenebrous.png
2024/09/04 17:00:54 [::1]:62931 GET /index_files/OldCrazyN8.png
2024/09/04 17:00:54 [::1]:62931 GET /index_files/jquery-3.7.1.min.js.%CE%B1%CF%81%CF%87%CE%B5%CE%AF%CE%BF%20%CE%BB%CE%AE%CF%88%CE%B7%CF%82
2024/09/04 17:00:54 [::1]:62931 GET /index_files/popper.min.js.%CE%B1%CF%81%CF%87%CE%B5%CE%AF%CE%BF%20%CE%BB%CE%AE%CF%88%CE%B7%CF%82
2024/09/04 17:00:54 [::1]:62932 GET /index_files/bootstrap.min.js.%CE%B1%CF%81%CF%87%CE%B5%CE%AF%CE%BF%20%CE%BB%CE%AE%CF%88%CE%B7%CF%82
2024/09/04 17:00:54 [::1]:62928 GET /index_files/sweetalert2.all.min.js.%CE%B1%CF%81%CF%87%CE%B5%CE%AF%CE%BF%20%CE%BB%CE%AE%CF%88%CE%B7%CF%82
2024/09/04 17:00:54 [::1]:62930 GET /index_files/tsparticles.bundle.min.js.%CE%B1%CF%81%CF%87%CE%B5%CE%AF%CE%BF%20%CE%BB%CE%AE%CF%88%CE%B7%CF%82
2024/09/04 17:00:54 [::1]:62931 GET /index_files/skin.min.js.%CE%B1%CF%81%CF%87%CE%B5%CE%AF%CE%BF%20%CE%BB%CE%AE%CF%88%CE%B7%CF%82
2024/09/04 17:00:54 [::1]:62932 GET /index_files/site.js.%CE%B1%CF%81%CF%87%CE%B5%CE%AF%CE%BF%20%CE%BB%CE%AE%CF%88%CE%B7%CF%82
2024/09/04 17:00:54 [::1]:62932 GET /index_files/discord.js.%CE%B1%CF%81%CF%87%CE%B5%CE%AF%CE%BF%20%CE%BB%CE%AE%CF%88%CE%B7%CF%82
2024/09/04 17:00:54 [::1]:62931 GET /index_files/sdk.js.%CE%B1%CF%81%CF%87%CE%B5%CE%AF%CE%BF%20%CE%BB%CE%AE%CF%88%CE%B7%CF%82
2024/09/04 17:00:54 [::1]:62930 GET /index_files/sdk-core-v1.1.60.js.%CE%B1%CF%81%CF%87%CE%B5%CE%AF%CE%BF%20%CE%BB%CE%AE%CF%88%CE%B7%CF%82
2024/09/04 17:00:54 [::1]:62931 GET /index_files/1.js.%CE%B1%CF%81%CF%87%CE%B5%CE%AF%CE%BF%20%CE%BB%CE%AE%CF%88%CE%B7%CF%82
2024/09/04 17:00:54 [::1]:62932 GET /index_files/f56ef34144a83f3c76d02c0644162248dc8ee340.png
2024/09/04 17:00:54 [::1]:62931 GET /index_files/50
2024/09/04 17:00:54 [::1]:62932 GET /index_files/16b280f6ac7e08cf82655b9ccb971c6df8d4558f.png
2024/09/04 17:00:54 [::1]:62932 GET /index_files/450cb976d1458714a73204f66e24e29f8d862755.png
2024/09/04 17:00:54 [::1]:62931 GET /index_files/coldfire.webp
2024/09/04 17:00:54 [::1]:62930 GET /index_files/tebex.png
2024/09/04 17:00:54 [::1]:62931 GET /index_files/device.js.%CE%B1%CF%81%CF%87%CE%B5%CE%AF%CE%BF%20%CE%BB%CE%AE%CF%88%CE%B7%CF%82
2024/09/04 17:00:54 [::1]:62931 GET /webfonts/fa-solid-900.woff2
2024/09/04 17:00:54 [::1]:62930 GET /webfonts/fa-brands-400.woff2
2024/09/04 17:00:54 [::1]:62931 GET /webfonts/fa-brands-400.ttf
2024/09/04 17:00:54 [::1]:62930 GET /webfonts/fa-solid-900.ttf
2024/09/04 17:03:14 [::1]:62993 GET /
2024/09/04 17:03:15 [::1]:62993 GET /index_files/fxlepb8eap
2024/09/04 17:03:15 [::1]:62993 GET /index_files/ga.js.%CE%B1%CF%81%CF%87%CE%B5%CE%AF%CE%BF%20%CE%BB%CE%AE%CF%88%CE%B7%CF%82
2024/09/04 17:03:15 [::1]:62994 GET /index_files/css2
2024/09/04 17:03:15 [::1]:62995 GET /index_files/bootstrap.min.css
2024/09/04 17:03:15 [::1]:62997 GET /index_files/meadowjane.png
2024/09/04 17:03:15 [::1]:62996 GET /index_files/all.min.css
2024/09/04 17:03:15 [::1]:62998 GET /index_files/ECamavinga.png
2024/09/04 17:03:15 [::1]:62996 GET /index_files/lTenebrous.png
2024/09/04 17:03:15 [::1]:62998 GET /index_files/MmMDoHnUtS7069.png
2024/09/04 17:03:15 [::1]:62997 GET /index_files/OldCrazyN8.png
2024/09/04 17:03:15 [::1]:62995 GET /index_files/popper.min.js.%CE%B1%CF%81%CF%87%CE%B5%CE%AF%CE%BF%20%CE%BB%CE%AE%CF%88%CE%B7%CF%82
2024/09/04 17:03:15 [::1]:62994 GET /index_files/jquery-3.7.1.min.js.%CE%B1%CF%81%CF%87%CE%B5%CE%AF%CE%BF%20%CE%BB%CE%AE%CF%88%CE%B7%CF%82
2024/09/04 17:03:15 [::1]:62998 GET /index_files/bootstrap.min.js.%CE%B1%CF%81%CF%87%CE%B5%CE%AF%CE%BF%20%CE%BB%CE%AE%CF%88%CE%B7%CF%82
2024/09/04 17:03:15 [::1]:62998 GET /index_files/sweetalert2.all.min.js.%CE%B1%CF%81%CF%87%CE%B5%CE%AF%CE%BF%20%CE%BB%CE%AE%CF%88%CE%B7%CF%82
2024/09/04 17:03:15 [::1]:62994 GET /index_files/tsparticles.bundle.min.js.%CE%B1%CF%81%CF%87%CE%B5%CE%AF%CE%BF%20%CE%BB%CE%AE%CF%88%CE%B7%CF%82
2024/09/04 17:03:15 [::1]:62995 GET /index_files/skin.min.js.%CE%B1%CF%81%CF%87%CE%B5%CE%AF%CE%BF%20%CE%BB%CE%AE%CF%88%CE%B7%CF%82
2024/09/04 17:03:15 [::1]:62997 GET /index_files/site.js.%CE%B1%CF%81%CF%87%CE%B5%CE%AF%CE%BF%20%CE%BB%CE%AE%CF%88%CE%B7%CF%82
2024/09/04 17:03:15 [::1]:62994 GET /index_files/discord.js.%CE%B1%CF%81%CF%87%CE%B5%CE%AF%CE%BF%20%CE%BB%CE%AE%CF%88%CE%B7%CF%82
2024/09/04 17:03:15 [::1]:62995 GET /index_files/sdk.js.%CE%B1%CF%81%CF%87%CE%B5%CE%AF%CE%BF%20%CE%BB%CE%AE%CF%88%CE%B7%CF%82
2024/09/04 17:03:15 [::1]:62995 GET /index_files/sdk-core-v1.1.60.js.%CE%B1%CF%81%CF%87%CE%B5%CE%AF%CE%BF%20%CE%BB%CE%AE%CF%88%CE%B7%CF%82
2024/09/04 17:03:15 [::1]:62997 GET /index_files/f56ef34144a83f3c76d02c0644162248dc8ee340.png
2024/09/04 17:03:15 [::1]:62994 GET /index_files/1.js.%CE%B1%CF%81%CF%87%CE%B5%CE%AF%CE%BF%20%CE%BB%CE%AE%CF%88%CE%B7%CF%82
2024/09/04 17:03:15 [::1]:62996 GET /index_files/16b280f6ac7e08cf82655b9ccb971c6df8d4558f.png
2024/09/04 17:03:15 [::1]:62998 GET /index_files/50
2024/09/04 17:03:15 [::1]:62998 GET /index_files/450cb976d1458714a73204f66e24e29f8d862755.png
2024/09/04 17:03:15 [::1]:62995 GET /index_files/tebex.png
2024/09/04 17:03:15 [::1]:62998 GET /index_files/coldfire.webp
2024/09/04 17:03:15 [::1]:62996 GET /index_files/device.js.%CE%B1%CF%81%CF%87%CE%B5%CE%AF%CE%BF%20%CE%BB%CE%AE%CF%88%CE%B7%CF%82
2024/09/04 17:03:15 [::1]:62996 GET /webfonts/fa-solid-900.woff2
2024/09/04 17:03:15 [::1]:62998 GET /webfonts/fa-brands-400.woff2
2024/09/04 17:03:15 [::1]:62996 GET /webfonts/fa-brands-400.ttf
2024/09/04 17:03:15 [::1]:62998 GET /webfonts/fa-solid-900.ttf
2024/09/04 17:03:58 [::1]:63011 GET /
2024/09/04 17:03:58 [::1]:63011 GET /radiant.css
2024/09/04 17:03:58 [::1]:63011 GET /webfonts/fa-solid-900.woff2
2024/09/04 17:03:58 [::1]:63013 GET /webfonts/fa-brands-400.woff2
2024/09/04 17:03:58 [::1]:63011 GET /webfonts/fa-brands-400.ttf
2024/09/04 17:03:58 [::1]:63013 GET /webfonts/fa-solid-900.ttf
2024/09/04 17:04:44 [::1]:63032 GET /
2024/09/04 17:04:44 [::1]:63032 GET /index_files/fxlepb8eap
2024/09/04 17:04:44 [::1]:63033 GET /index_files/css2
2024/09/04 17:04:44 [::1]:63034 GET /index_files/all.min.css
2024/09/04 17:04:44 [::1]:63035 GET /index_files/bootstrap.min.css
2024/09/04 17:04:44 [::1]:63036 GET /radiant.css
2024/09/04 17:04:44 [::1]:63037 GET /index_files/ga.js.%CE%B1%CF%81%CF%87%CE%B5%CE%AF%CE%BF%20%CE%BB%CE%AE%CF%88%CE%B7%CF%82
2024/09/04 17:04:44 [::1]:63037 GET /index_files/meadowjane.png
2024/09/04 17:04:44 [::1]:63035 GET /index_files/ECamavinga.png
2024/09/04 17:04:44 [::1]:63033 GET /index_files/lTenebrous.png
2024/09/04 17:04:44 [::1]:63034 GET /index_files/MmMDoHnUtS7069.png
2024/09/04 17:04:44 [::1]:63037 GET /index_files/OldCrazyN8.png
2024/09/04 17:04:44 [::1]:63034 GET /index_files/jquery-3.7.1.min.js.%CE%B1%CF%81%CF%87%CE%B5%CE%AF%CE%BF%20%CE%BB%CE%AE%CF%88%CE%B7%CF%82
2024/09/04 17:04:44 [::1]:63034 GET /index_files/popper.min.js.%CE%B1%CF%81%CF%87%CE%B5%CE%AF%CE%BF%20%CE%BB%CE%AE%CF%88%CE%B7%CF%82
2024/09/04 17:04:44 [::1]:63037 GET /index_files/bootstrap.min.js.%CE%B1%CF%81%CF%87%CE%B5%CE%AF%CE%BF%20%CE%BB%CE%AE%CF%88%CE%B7%CF%82
2024/09/04 17:04:44 [::1]:63033 GET /index_files/sweetalert2.all.min.js.%CE%B1%CF%81%CF%87%CE%B5%CE%AF%CE%BF%20%CE%BB%CE%AE%CF%88%CE%B7%CF%82
2024/09/04 17:04:44 [::1]:63035 GET /index_files/tsparticles.bundle.min.js.%CE%B1%CF%81%CF%87%CE%B5%CE%AF%CE%BF%20%CE%BB%CE%AE%CF%88%CE%B7%CF%82
2024/09/04 17:04:44 [::1]:63035 GET /index_files/skin.min.js.%CE%B1%CF%81%CF%87%CE%B5%CE%AF%CE%BF%20%CE%BB%CE%AE%CF%88%CE%B7%CF%82
2024/09/04 17:04:44 [::1]:63037 GET /index_files/discord.js.%CE%B1%CF%81%CF%87%CE%B5%CE%AF%CE%BF%20%CE%BB%CE%AE%CF%88%CE%B7%CF%82
2024/09/04 17:04:44 [::1]:63033 GET /index_files/site.js.%CE%B1%CF%81%CF%87%CE%B5%CE%AF%CE%BF%20%CE%BB%CE%AE%CF%88%CE%B7%CF%82
2024/09/04 17:04:44 [::1]:63035 GET /index_files/sdk.js.%CE%B1%CF%81%CF%87%CE%B5%CE%AF%CE%BF%20%CE%BB%CE%AE%CF%88%CE%B7%CF%82
2024/09/04 17:04:44 [::1]:63032 GET /index_files/1.js.%CE%B1%CF%81%CF%87%CE%B5%CE%AF%CE%BF%20%CE%BB%CE%AE%CF%88%CE%B7%CF%82
2024/09/04 17:04:44 [::1]:63034 GET /index_files/sdk-core-v1.1.60.js.%CE%B1%CF%81%CF%87%CE%B5%CE%AF%CE%BF%20%CE%BB%CE%AE%CF%88%CE%B7%CF%82
2024/09/04 17:04:44 [::1]:63034 GET /index_files/f56ef34144a83f3c76d02c0644162248dc8ee340.png
2024/09/04 17:04:44 [::1]:63032 GET /index_files/50
2024/09/04 17:04:44 [::1]:63035 GET /index_files/16b280f6ac7e08cf82655b9ccb971c6df8d4558f.png
2024/09/04 17:04:44 [::1]:63032 GET /index_files/450cb976d1458714a73204f66e24e29f8d862755.png
2024/09/04 17:04:44 [::1]:63035 GET /index_files/coldfire.webp
2024/09/04 17:04:44 [::1]:63034 GET /index_files/tebex.png
2024/09/04 17:04:44 [::1]:63035 GET /index_files/device.js.%CE%B1%CF%81%CF%87%CE%B5%CE%AF%CE%BF%20%CE%BB%CE%AE%CF%88%CE%B7%CF%82
2024/09/04 17:04:44 [::1]:63035 GET /webfonts/fa-solid-900.woff2
2024/09/04 17:04:44 [::1]:63034 GET /webfonts/fa-brands-400.woff2
2024/09/04 17:04:44 [::1]:63034 GET /webfonts/fa-solid-900.ttf
2024/09/04 17:04:44 [::1]:63034 GET /webfonts/fa-brands-400.ttf
2024/09/04 17:06:01 [::1]:63072 GET /
2024/09/04 17:06:02 [::1]:63072 GET /index_files/fxlepb8eap
2024/09/04 17:06:02 [::1]:63073 GET /index_files/css2
2024/09/04 17:06:02 [::1]:63072 GET /index_files/ga.js.%CE%B1%CF%81%CF%87%CE%B5%CE%AF%CE%BF%20%CE%BB%CE%AE%CF%88%CE%B7%CF%82
2024/09/04 17:06:02 [::1]:63074 GET /index_files/all.min.css
2024/09/04 17:06:02 [::1]:63075 GET /index_files/bootstrap.min.css
2024/09/04 17:06:02 [::1]:63076 GET /radiant.css
2024/09/04 17:06:02 [::1]:63074 GET /index_files/meadowjane.png
2024/09/04 17:06:02 [::1]:63076 GET /index_files/ECamavinga.png
2024/09/04 17:06:02 [::1]:63074 GET /index_files/MmMDoHnUtS7069.png
2024/09/04 17:06:02 [::1]:63075 GET /index_files/lTenebrous.png
2024/09/04 17:06:02 [::1]:63072 GET /index_files/OldCrazyN8.png
2024/09/04 17:06:02 [::1]:63074 GET /index_files/jquery-3.7.1.min.js.%CE%B1%CF%81%CF%87%CE%B5%CE%AF%CE%BF%20%CE%BB%CE%AE%CF%88%CE%B7%CF%82
2024/09/04 17:06:02 [::1]:63075 GET /index_files/popper.min.js.%CE%B1%CF%81%CF%87%CE%B5%CE%AF%CE%BF%20%CE%BB%CE%AE%CF%88%CE%B7%CF%82
2024/09/04 17:06:02 [::1]:63072 GET /index_files/bootstrap.min.js.%CE%B1%CF%81%CF%87%CE%B5%CE%AF%CE%BF%20%CE%BB%CE%AE%CF%88%CE%B7%CF%82
2024/09/04 17:06:02 [::1]:63076 GET /index_files/sweetalert2.all.min.js.%CE%B1%CF%81%CF%87%CE%B5%CE%AF%CE%BF%20%CE%BB%CE%AE%CF%88%CE%B7%CF%82
2024/09/04 17:06:02 [::1]:63075 GET /index_files/tsparticles.bundle.min.js.%CE%B1%CF%81%CF%87%CE%B5%CE%AF%CE%BF%20%CE%BB%CE%AE%CF%88%CE%B7%CF%82
2024/09/04 17:06:02 [::1]:63074 GET /index_files/skin.min.js.%CE%B1%CF%81%CF%87%CE%B5%CE%AF%CE%BF%20%CE%BB%CE%AE%CF%88%CE%B7%CF%82
2024/09/04 17:06:02 [::1]:63076 GET /index_files/site.js.%CE%B1%CF%81%CF%87%CE%B5%CE%AF%CE%BF%20%CE%BB%CE%AE%CF%88%CE%B7%CF%82
2024/09/04 17:06:02 [::1]:63074 GET /index_files/discord.js.%CE%B1%CF%81%CF%87%CE%B5%CE%AF%CE%BF%20%CE%BB%CE%AE%CF%88%CE%B7%CF%82
2024/09/04 17:06:02 [::1]:63075 GET /index_files/sdk.js.%CE%B1%CF%81%CF%87%CE%B5%CE%AF%CE%BF%20%CE%BB%CE%AE%CF%88%CE%B7%CF%82
2024/09/04 17:06:02 [::1]:63074 GET /index_files/sdk-core-v1.1.60.js.%CE%B1%CF%81%CF%87%CE%B5%CE%AF%CE%BF%20%CE%BB%CE%AE%CF%88%CE%B7%CF%82
2024/09/04 17:06:02 [::1]:63076 GET /index_files/f56ef34144a83f3c76d02c0644162248dc8ee340.png
2024/09/04 17:06:02 [::1]:63075 GET /index_files/1.js.%CE%B1%CF%81%CF%87%CE%B5%CE%AF%CE%BF%20%CE%BB%CE%AE%CF%88%CE%B7%CF%82
2024/09/04 17:06:02 [::1]:63074 GET /index_files/50
2024/09/04 17:06:02 [::1]:63072 GET /index_files/16b280f6ac7e08cf82655b9ccb971c6df8d4558f.png
2024/09/04 17:06:02 [::1]:63074 GET /index_files/450cb976d1458714a73204f66e24e29f8d862755.png
2024/09/04 17:06:02 [::1]:63072 GET /index_files/coldfire.webp
2024/09/04 17:06:02 [::1]:63075 GET /index_files/tebex.png
2024/09/04 17:06:02 [::1]:63076 GET /index_files/device.js.%CE%B1%CF%81%CF%87%CE%B5%CE%AF%CE%BF%20%CE%BB%CE%AE%CF%88%CE%B7%CF%82
2024/09/04 17:06:02 [::1]:63076 GET /webfonts/fa-solid-900.woff2
2024/09/04 17:06:02 [::1]:63075 GET /webfonts/fa-brands-400.woff2
2024/09/04 17:06:02 [::1]:63075 GET /webfonts/fa-solid-900.ttf
2024/09/04 17:06:02 [::1]:63076 GET /webfonts/fa-brands-400.ttf
2024/09/04 17:06:41 [::1]:63076 GET /
2024/09/04 17:06:41 [::1]:63076 GET /radiant.css
2024/09/04 17:06:41 [::1]:63076 GET /webfonts/fa-solid-900.woff2
2024/09/04 17:06:41 [::1]:63076 GET /webfonts/fa-brands-400.woff2
2024/09/04 17:06:41 [::1]:63076 GET /webfonts/fa-solid-900.ttf
2024/09/04 17:06:41 [::1]:63076 GET /webfonts/fa-brands-400.ttf
2024/09/04 17:07:09 [::1]:63076 GET /
2024/09/04 17:07:09 [::1]:63076 GET /radiant.css
2024/09/04 17:07:09 [::1]:63076 GET /webfonts/fa-solid-900.woff2
2024/09/04 17:07:09 [::1]:63075 GET /webfonts/fa-brands-400.woff2
2024/09/04 17:07:09 [::1]:63075 GET /webfonts/fa-solid-900.ttf
2024/09/04 17:07:09 [::1]:63076 GET /webfonts/fa-brands-400.ttf
2024/09/04 17:07:10 [::1]:63075 GET /
2024/09/04 17:07:10 [::1]:63075 GET /webfonts/fa-solid-900.woff2
2024/09/04 17:07:10 [::1]:63076 GET /webfonts/fa-brands-400.woff2
2024/09/04 17:07:10 [::1]:63076 GET /webfonts/fa-solid-900.ttf
2024/09/04 17:07:10 [::1]:63075 GET /webfonts/fa-brands-400.ttf
2024/09/04 17:07:10 [::1]:63076 GET /
2024/09/04 17:07:10 [::1]:63076 GET /webfonts/fa-solid-900.woff2
2024/09/04 17:07:10 [::1]:63075 GET /webfonts/fa-brands-400.woff2
2024/09/04 17:07:10 [::1]:63075 GET /webfonts/fa-solid-900.ttf
2024/09/04 17:07:10 [::1]:63076 GET /webfonts/fa-brands-400.ttf
2024/09/04 17:07:10 [::1]:63076 GET /
2024/09/04 17:07:11 [::1]:63075 GET /webfonts/fa-brands-400.woff2
2024/09/04 17:07:11 [::1]:63076 GET /webfonts/fa-solid-900.woff2
2024/09/04 17:07:11 [::1]:63076 GET /webfonts/fa-brands-400.ttf
2024/09/04 17:07:11 [::1]:63075 GET /webfonts/fa-solid-900.ttf
2024/09/04 17:07:14 [::1]:63075 GET /
2024/09/04 17:07:14 [::1]:63075 GET /webfonts/fa-solid-900.woff2
2024/09/04 17:07:14 [::1]:63076 GET /webfonts/fa-brands-400.woff2
2024/09/04 17:07:14 [::1]:63076 GET /webfonts/fa-solid-900.ttf
2024/09/04 17:07:14 [::1]:63075 GET /webfonts/fa-brands-400.ttf
2024/09/04 17:07:15 [::1]:63075 GET /
2024/09/04 17:07:15 [::1]:63075 GET /webfonts/fa-solid-900.woff2
2024/09/04 17:07:15 [::1]:63076 GET /webfonts/fa-brands-400.woff2
2024/09/04 17:07:15 [::1]:63076 GET /webfonts/fa-solid-900.ttf
2024/09/04 17:07:15 [::1]:63075 GET /webfonts/fa-brands-400.ttf
2024/09/04 17:08:06 [::1]:63075 GET /
2024/09/04 17:08:06 [::1]:63075 GET /index_files/fxlepb8eap
2024/09/04 17:08:06 [::1]:63076 GET /index_files/ga.js.%CE%B1%CF%81%CF%87%CE%B5%CE%AF%CE%BF%20%CE%BB%CE%AE%CF%88%CE%B7%CF%82
2024/09/04 17:08:06 [::1]:63072 GET /index_files/css2
2024/09/04 17:08:06 [::1]:63074 GET /index_files/all.min.css
2024/09/04 17:08:06 [::1]:63073 GET /index_files/bootstrap.min.css
2024/09/04 17:08:06 [::1]:63116 GET /radiant.css
2024/09/04 17:08:06 [::1]:63116 GET /index_files/meadowjane.png
2024/09/04 17:08:06 [::1]:63073 GET /index_files/ECamavinga.png
2024/09/04 17:08:06 [::1]:63073 GET /index_files/MmMDoHnUtS7069.png
2024/09/04 17:08:06 [::1]:63073 GET /index_files/lTenebrous.png
2024/09/04 17:08:06 [::1]:63116 GET /index_files/OldCrazyN8.png
2024/09/04 17:08:06 [::1]:63074 GET /index_files/jquery-3.7.1.min.js.%CE%B1%CF%81%CF%87%CE%B5%CE%AF%CE%BF%20%CE%BB%CE%AE%CF%88%CE%B7%CF%82
2024/09/04 17:08:06 [::1]:63072 GET /index_files/popper.min.js.%CE%B1%CF%81%CF%87%CE%B5%CE%AF%CE%BF%20%CE%BB%CE%AE%CF%88%CE%B7%CF%82
2024/09/04 17:08:06 [::1]:63076 GET /index_files/bootstrap.min.js.%CE%B1%CF%81%CF%87%CE%B5%CE%AF%CE%BF%20%CE%BB%CE%AE%CF%88%CE%B7%CF%82
2024/09/04 17:08:06 [::1]:63075 GET /index_files/sweetalert2.all.min.js.%CE%B1%CF%81%CF%87%CE%B5%CE%AF%CE%BF%20%CE%BB%CE%AE%CF%88%CE%B7%CF%82
2024/09/04 17:08:06 [::1]:63075 GET /index_files/tsparticles.bundle.min.js.%CE%B1%CF%81%CF%87%CE%B5%CE%AF%CE%BF%20%CE%BB%CE%AE%CF%88%CE%B7%CF%82
2024/09/04 17:08:06 [::1]:63076 GET /index_files/skin.min.js.%CE%B1%CF%81%CF%87%CE%B5%CE%AF%CE%BF%20%CE%BB%CE%AE%CF%88%CE%B7%CF%82
2024/09/04 17:08:06 [::1]:63072 GET /index_files/site.js.%CE%B1%CF%81%CF%87%CE%B5%CE%AF%CE%BF%20%CE%BB%CE%AE%CF%88%CE%B7%CF%82
2024/09/04 17:08:06 [::1]:63116 GET /index_files/sdk.js.%CE%B1%CF%81%CF%87%CE%B5%CE%AF%CE%BF%20%CE%BB%CE%AE%CF%88%CE%B7%CF%82
2024/09/04 17:08:06 [::1]:63074 GET /index_files/discord.js.%CE%B1%CF%81%CF%87%CE%B5%CE%AF%CE%BF%20%CE%BB%CE%AE%CF%88%CE%B7%CF%82
2024/09/04 17:08:06 [::1]:63073 GET /index_files/sdk-core-v1.1.60.js.%CE%B1%CF%81%CF%87%CE%B5%CE%AF%CE%BF%20%CE%BB%CE%AE%CF%88%CE%B7%CF%82
2024/09/04 17:08:06 [::1]:63073 GET /index_files/1.js.%CE%B1%CF%81%CF%87%CE%B5%CE%AF%CE%BF%20%CE%BB%CE%AE%CF%88%CE%B7%CF%82
2024/09/04 17:08:06 [::1]:63074 GET /index_files/f56ef34144a83f3c76d02c0644162248dc8ee340.png
2024/09/04 17:08:06 [::1]:63116 GET /index_files/50
2024/09/04 17:08:06 [::1]:63072 GET /index_files/16b280f6ac7e08cf82655b9ccb971c6df8d4558f.png
2024/09/04 17:08:06 [::1]:63075 GET /index_files/450cb976d1458714a73204f66e24e29f8d862755.png
2024/09/04 17:08:06 [::1]:63076 GET /index_files/coldfire.webp
2024/09/04 17:08:06 [::1]:63076 GET /index_files/tebex.png
2024/09/04 17:08:06 [::1]:63075 GET /index_files/device.js.%CE%B1%CF%81%CF%87%CE%B5%CE%AF%CE%BF%20%CE%BB%CE%AE%CF%88%CE%B7%CF%82
2024/09/04 17:08:06 [::1]:63075 GET /webfonts/fa-solid-900.woff2
2024/09/04 17:08:06 [::1]:63076 GET /webfonts/fa-brands-400.woff2
2024/09/04 17:08:06 [::1]:63075 GET /webfonts/fa-brands-400.ttf
2024/09/04 17:08:06 [::1]:63076 GET /webfonts/fa-solid-900.ttf
2024/09/04 17:08:07 [::1]:63076 GET /
2024/09/04 17:08:08 [::1]:63076 GET /webfonts/fa-solid-900.woff2
2024/09/04 17:08:08 [::1]:63075 GET /webfonts/fa-brands-400.woff2
2024/09/04 17:08:08 [::1]:63076 GET /webfonts/fa-brands-400.ttf
2024/09/04 17:08:08 [::1]:63075 GET /webfonts/fa-solid-900.ttf
2024/09/04 17:08:26 [::1]:63122 GET /
2024/09/04 17:08:26 [::1]:63122 GET /webfonts/fa-solid-900.woff2
2024/09/04 17:08:26 [::1]:63123 GET /webfonts/fa-brands-400.woff2
2024/09/04 17:08:26 [::1]:63123 GET /webfonts/fa-solid-900.ttf
2024/09/04 17:08:26 [::1]:63122 GET /webfonts/fa-brands-400.ttf
2024/09/04 17:09:52 [::1]:63147 GET /
2024/09/04 17:09:53 [::1]:63147 GET /index_files/1.js.%CE%B1%CF%81%CF%87%CE%B5%CE%AF%CE%BF%20%CE%BB%CE%AE%CF%88%CE%B7%CF%82
2024/09/04 17:09:53 [::1]:63148 GET /index_files/css2
2024/09/04 17:09:53 [::1]:63149 GET /index_files/all.min.css
2024/09/04 17:09:53 [::1]:63150 GET /index_files/bootstrap.min.css
2024/09/04 17:09:53 [::1]:63151 GET /radiant.css
2024/09/04 17:09:53 [::1]:63152 GET /index_files/meadowjane.png
2024/09/04 17:09:53 [::1]:63150 GET /index_files/ECamavinga.png
2024/09/04 17:09:53 [::1]:63152 GET /index_files/MmMDoHnUtS7069.png
2024/09/04 17:09:53 [::1]:63151 GET /index_files/lTenebrous.png
2024/09/04 17:09:53 [::1]:63149 GET /index_files/OldCrazyN8.png
2024/09/04 17:09:53 [::1]:63148 GET /index_files/jquery-3.7.1.min.js.%CE%B1%CF%81%CF%87%CE%B5%CE%AF%CE%BF%20%CE%BB%CE%AE%CF%88%CE%B7%CF%82
2024/09/04 17:09:53 [::1]:63147 GET /index_files/popper.min.js.%CE%B1%CF%81%CF%87%CE%B5%CE%AF%CE%BF%20%CE%BB%CE%AE%CF%88%CE%B7%CF%82
2024/09/04 17:09:53 [::1]:63147 GET /index_files/bootstrap.min.js.%CE%B1%CF%81%CF%87%CE%B5%CE%AF%CE%BF%20%CE%BB%CE%AE%CF%88%CE%B7%CF%82
2024/09/04 17:09:53 [::1]:63148 GET /index_files/sweetalert2.all.min.js.%CE%B1%CF%81%CF%87%CE%B5%CE%AF%CE%BF%20%CE%BB%CE%AE%CF%88%CE%B7%CF%82
2024/09/04 17:09:53 [::1]:63149 GET /index_files/tsparticles.bundle.min.js.%CE%B1%CF%81%CF%87%CE%B5%CE%AF%CE%BF%20%CE%BB%CE%AE%CF%88%CE%B7%CF%82
2024/09/04 17:09:53 [::1]:63151 GET /index_files/skin.min.js.%CE%B1%CF%81%CF%87%CE%B5%CE%AF%CE%BF%20%CE%BB%CE%AE%CF%88%CE%B7%CF%82
2024/09/04 17:09:53 [::1]:63150 GET /index_files/discord.js.%CE%B1%CF%81%CF%87%CE%B5%CE%AF%CE%BF%20%CE%BB%CE%AE%CF%88%CE%B7%CF%82
2024/09/04 17:09:53 [::1]:63152 GET /index_files/site.js.%CE%B1%CF%81%CF%87%CE%B5%CE%AF%CE%BF%20%CE%BB%CE%AE%CF%88%CE%B7%CF%82
2024/09/04 17:09:53 [::1]:63152 GET /index_files/sdk.js.%CE%B1%CF%81%CF%87%CE%B5%CE%AF%CE%BF%20%CE%BB%CE%AE%CF%88%CE%B7%CF%82
2024/09/04 17:09:53 [::1]:63150 GET /index_files/sdk-core-v1.1.60.js.%CE%B1%CF%81%CF%87%CE%B5%CE%AF%CE%BF%20%CE%BB%CE%AE%CF%88%CE%B7%CF%82
2024/09/04 17:09:53 [::1]:63149 GET /index_files/16b280f6ac7e08cf82655b9ccb971c6df8d4558f.png
2024/09/04 17:09:53 [::1]:63147 GET /index_files/450cb976d1458714a73204f66e24e29f8d862755.png
2024/09/04 17:09:53 [::1]:63151 GET /index_files/50
2024/09/04 17:09:53 [::1]:63148 GET /index_files/f56ef34144a83f3c76d02c0644162248dc8ee340.png
2024/09/04 17:09:53 [::1]:63148 GET /index_files/coldfire.webp
2024/09/04 17:09:53 [::1]:63151 GET /index_files/tebex.png
2024/09/04 17:09:53 [::1]:63147 GET /index_files/device.js.%CE%B1%CF%81%CF%87%CE%B5%CE%AF%CE%BF%20%CE%BB%CE%AE%CF%88%CE%B7%CF%82
2024/09/04 17:09:53 [::1]:63147 GET /webfonts/fa-solid-900.woff2
2024/09/04 17:09:53 [::1]:63148 GET /webfonts/fa-brands-400.woff2
2024/09/04 17:09:53 [::1]:63148 GET /webfonts/fa-solid-900.ttf
2024/09/04 17:09:53 [::1]:63147 GET /webfonts/fa-brands-400.ttf
2024/09/04 17:10:26 [::1]:63147 GET /
2024/09/04 17:10:26 [::1]:63147 GET /radiant.css
2024/09/04 17:10:26 [::1]:63147 GET /webfonts/fa-solid-900.woff2
2024/09/04 17:10:26 [::1]:63148 GET /webfonts/fa-brands-400.woff2
2024/09/04 17:10:26 [::1]:63148 GET /webfonts/fa-solid-900.ttf
2024/09/04 17:10:26 [::1]:63147 GET /webfonts/fa-brands-400.ttf
2024/09/04 17:12:26 [::1]:63148 GET /
2024/09/04 17:12:26 [::1]:63148 GET /index_files/1.js.%CE%B1%CF%81%CF%87%CE%B5%CE%AF%CE%BF%20%CE%BB%CE%AE%CF%88%CE%B7%CF%82
2024/09/04 17:12:26 [::1]:63147 GET /index_files/css2
2024/09/04 17:12:26 [::1]:63148 GET /index_files/all.min.css
2024/09/04 17:12:26 [::1]:63151 GET /index_files/bootstrap.min.css
2024/09/04 17:12:26 [::1]:63149 GET /radiant.css
2024/09/04 17:12:26 [::1]:63150 GET /index_files/meadowjane.png
2024/09/04 17:12:26 [::1]:63147 GET /index_files/ECamavinga.png
2024/09/04 17:12:26 [::1]:63150 GET /index_files/MmMDoHnUtS7069.png
2024/09/04 17:12:26 [::1]:63147 GET /index_files/lTenebrous.png
2024/09/04 17:12:26 [::1]:63149 GET /index_files/OldCrazyN8.png
2024/09/04 17:12:26 [::1]:63151 GET /index_files/sdk.js.%CE%B1%CF%81%CF%87%CE%B5%CE%AF%CE%BF%20%CE%BB%CE%AE%CF%88%CE%B7%CF%82
2024/09/04 17:12:26 [::1]:63148 GET /index_files/sdk-core-v1.1.60.js.%CE%B1%CF%81%CF%87%CE%B5%CE%AF%CE%BF%20%CE%BB%CE%AE%CF%88%CE%B7%CF%82
2024/09/04 17:12:26 [::1]:63150 GET /index_files/f56ef34144a83f3c76d02c0644162248dc8ee340.png
2024/09/04 17:12:26 [::1]:63150 GET /index_files/50
2024/09/04 17:12:26 [::1]:63148 GET /index_files/16b280f6ac7e08cf82655b9ccb971c6df8d4558f.png
2024/09/04 17:12:26 [::1]:63151 GET /index_files/450cb976d1458714a73204f66e24e29f8d862755.png
2024/09/04 17:12:26 [::1]:63149 GET /index_files/coldfire.webp
2024/09/04 17:12:26 [::1]:63147 GET /index_files/tebex.png
2024/09/04 17:12:26 [::1]:63152 GET /index_files/device.js.%CE%B1%CF%81%CF%87%CE%B5%CE%AF%CE%BF%20%CE%BB%CE%AE%CF%88%CE%B7%CF%82
2024/09/04 17:12:26 [::1]:63152 GET /webfonts/fa-solid-900.woff2
2024/09/04 17:12:26 [::1]:63149 GET /webfonts/fa-brands-400.woff2
2024/09/04 17:12:26 [::1]:63152 GET /webfonts/fa-brands-400.ttf
2024/09/04 17:12:26 [::1]:63149 GET /webfonts/fa-solid-900.ttf
2024/09/04 17:15:41 [::1]:63271 GET /
2024/09/04 17:15:41 [::1]:63271 GET /index_files/1.js.%CE%B1%CF%81%CF%87%CE%B5%CE%AF%CE%BF%20%CE%BB%CE%AE%CF%88%CE%B7%CF%82
2024/09/04 17:15:41 [::1]:63271 GET /index_files/css2
2024/09/04 17:15:41 [::1]:63272 GET /index_files/all.min.css
2024/09/04 17:15:41 [::1]:63273 GET /index_files/bootstrap.min.css
2024/09/04 17:15:41 [::1]:63274 GET /radiant.css
2024/09/04 17:15:41 [::1]:63275 GET /index_files/meadowjane.png
2024/09/04 17:15:41 [::1]:63276 GET /index_files/ECamavinga.png
2024/09/04 17:15:41 [::1]:63276 GET /index_files/MmMDoHnUtS7069.png
2024/09/04 17:15:41 [::1]:63275 GET /index_files/lTenebrous.png
2024/09/04 17:15:41 [::1]:63274 GET /index_files/OldCrazyN8.png
2024/09/04 17:15:41 [::1]:63273 GET /index_files/sdk.js.%CE%B1%CF%81%CF%87%CE%B5%CE%AF%CE%BF%20%CE%BB%CE%AE%CF%88%CE%B7%CF%82
2024/09/04 17:15:41 [::1]:63272 GET /index_files/sdk-core-v1.1.60.js.%CE%B1%CF%81%CF%87%CE%B5%CE%AF%CE%BF%20%CE%BB%CE%AE%CF%88%CE%B7%CF%82
2024/09/04 17:15:41 [::1]:63276 GET /index_files/f56ef34144a83f3c76d02c0644162248dc8ee340.png
2024/09/04 17:15:41 [::1]:63276 GET /index_files/50
2024/09/04 17:15:41 [::1]:63272 GET /index_files/16b280f6ac7e08cf82655b9ccb971c6df8d4558f.png
2024/09/04 17:15:41 [::1]:63273 GET /index_files/450cb976d1458714a73204f66e24e29f8d862755.png
2024/09/04 17:15:41 [::1]:63276 GET /index_files/coldfire.webp
2024/09/04 17:15:41 [::1]:63274 GET /index_files/device.js.%CE%B1%CF%81%CF%87%CE%B5%CE%AF%CE%BF%20%CE%BB%CE%AE%CF%88%CE%B7%CF%82
2024/09/04 17:15:41 [::1]:63274 GET /webfonts/fa-solid-900.woff2
2024/09/04 17:15:41 [::1]:63276 GET /webfonts/fa-brands-400.woff2
2024/09/04 17:15:41 [::1]:63274 GET /webfonts/fa-brands-400.ttf
2024/09/04 17:15:41 [::1]:63276 GET /webfonts/fa-solid-900.ttf
2024/09/04 17:21:14 [::1]:63493 GET /
2024/09/04 17:21:14 [::1]:63493 GET /index_files/1.js.%CE%B1%CF%81%CF%87%CE%B5%CE%AF%CE%BF%20%CE%BB%CE%AE%CF%88%CE%B7%CF%82
2024/09/04 17:21:14 [::1]:63494 GET /index_files/css2
2024/09/04 17:21:14 [::1]:63495 GET /index_files/all.min.css
2024/09/04 17:21:14 [::1]:63496 GET /index_files/bootstrap.min.css
2024/09/04 17:21:14 [::1]:63497 GET /radiant.css
2024/09/04 17:21:14 [::1]:63498 GET /index_files/meadowjane.png
2024/09/04 17:21:14 [::1]:63498 GET /index_files/ECamavinga.png
2024/09/04 17:21:14 [::1]:63497 GET /index_files/MmMDoHnUtS7069.png
2024/09/04 17:21:14 [::1]:63496 GET /index_files/lTenebrous.png
2024/09/04 17:21:14 [::1]:63495 GET /index_files/OldCrazyN8.png
2024/09/04 17:21:14 [::1]:63494 GET /index_files/sdk.js.%CE%B1%CF%81%CF%87%CE%B5%CE%AF%CE%BF%20%CE%BB%CE%AE%CF%88%CE%B7%CF%82
2024/09/04 17:21:14 [::1]:63498 GET /index_files/sdk-core-v1.1.60.js.%CE%B1%CF%81%CF%87%CE%B5%CE%AF%CE%BF%20%CE%BB%CE%AE%CF%88%CE%B7%CF%82
2024/09/04 17:21:14 [::1]:63498 GET /index_files/f56ef34144a83f3c76d02c0644162248dc8ee340.png
2024/09/04 17:21:14 [::1]:63494 GET /index_files/50
2024/09/04 17:21:14 [::1]:63495 GET /index_files/16b280f6ac7e08cf82655b9ccb971c6df8d4558f.png
2024/09/04 17:21:14 [::1]:63496 GET /index_files/450cb976d1458714a73204f66e24e29f8d862755.png
2024/09/04 17:21:14 [::1]:63498 GET /index_files/coldfire.webp
2024/09/04 17:21:14 [::1]:63496 GET /index_files/device.js.%CE%B1%CF%81%CF%87%CE%B5%CE%AF%CE%BF%20%CE%BB%CE%AE%CF%88%CE%B7%CF%82
2024/09/04 17:21:14 [::1]:63498 GET /webfonts/fa-brands-400.woff2
2024/09/04 17:21:14 [::1]:63496 GET /webfonts/fa-solid-900.woff2
2024/09/04 17:21:14 [::1]:63496 GET /webfonts/fa-brands-400.ttf
2024/09/04 17:21:14 [::1]:63498 GET /webfonts/fa-solid-900.ttf
2024/09/04 17:21:38 [::1]:63498 GET /
2024/09/04 17:21:38 [::1]:63496 GET /webfonts/fa-brands-400.woff2
2024/09/04 17:21:38 [::1]:63498 GET /webfonts/fa-solid-900.woff2
2024/09/04 17:21:38 [::1]:63496 GET /webfonts/fa-solid-900.ttf
2024/09/04 17:21:38 [::1]:63498 GET /webfonts/fa-brands-400.ttf
2024/09/04 17:22:16 [::1]:63498 GET /
2024/09/04 17:22:16 [::1]:63498 GET /webfonts/fa-solid-900.woff2
2024/09/04 17:22:16 [::1]:63496 GET /webfonts/fa-brands-400.woff2
2024/09/04 17:22:16 [::1]:63496 GET /webfonts/fa-solid-900.ttf
2024/09/04 17:22:16 [::1]:63496 GET /webfonts/fa-brands-400.ttf
2024/09/04 17:27:04 [::1]:63496 GET /
2024/09/04 17:27:05 [::1]:63496 GET /index_files/1.js.%CE%B1%CF%81%CF%87%CE%B5%CE%AF%CE%BF%20%CE%BB%CE%AE%CF%88%CE%B7%CF%82
2024/09/04 17:27:05 [::1]:63498 GET /index_files/css2
2024/09/04 17:27:05 [::1]:63609 GET /index_files/all.min.css
2024/09/04 17:27:05 [::1]:63610 GET /index_files/bootstrap.min.css
2024/09/04 17:27:05 [::1]:63611 GET /radiant.css
2024/09/04 17:27:05 [::1]:63612 GET /index_files/meadowjane.png
2024/09/04 17:27:05 [::1]:63612 GET /index_files/ECamavinga.png
2024/09/04 17:27:05 [::1]:63611 GET /index_files/MmMDoHnUtS7069.png
2024/09/04 17:27:05 [::1]:63610 GET /index_files/lTenebrous.png
2024/09/04 17:27:05 [::1]:63609 GET /index_files/OldCrazyN8.png
2024/09/04 17:27:05 [::1]:63498 GET /index_files/sdk.js.%CE%B1%CF%81%CF%87%CE%B5%CE%AF%CE%BF%20%CE%BB%CE%AE%CF%88%CE%B7%CF%82
2024/09/04 17:27:05 [::1]:63498 GET /index_files/sdk-core-v1.1.60.js.%CE%B1%CF%81%CF%87%CE%B5%CE%AF%CE%BF%20%CE%BB%CE%AE%CF%88%CE%B7%CF%82
2024/09/04 17:27:05 [::1]:63609 GET /index_files/f56ef34144a83f3c76d02c0644162248dc8ee340.png
2024/09/04 17:27:05 [::1]:63498 GET /index_files/50
2024/09/04 17:27:05 [::1]:63610 GET /index_files/450cb976d1458714a73204f66e24e29f8d862755.png
2024/09/04 17:27:05 [::1]:63611 GET /index_files/16b280f6ac7e08cf82655b9ccb971c6df8d4558f.png
2024/09/04 17:27:05 [::1]:63611 GET /index_files/coldfire.webp
2024/09/04 17:27:05 [::1]:63610 GET /index_files/device.js.%CE%B1%CF%81%CF%87%CE%B5%CE%AF%CE%BF%20%CE%BB%CE%AE%CF%88%CE%B7%CF%82
2024/09/04 17:27:05 [::1]:63611 GET /webfonts/fa-brands-400.woff2
2024/09/04 17:27:05 [::1]:63610 GET /webfonts/fa-solid-900.woff2
2024/09/04 17:27:05 [::1]:63610 GET /webfonts/fa-brands-400.ttf
2024/09/04 17:27:05 [::1]:63611 GET /webfonts/fa-solid-900.ttf
2024/09/04 17:27:30 [::1]:63611 GET /
2024/09/04 17:27:31 [::1]:63611 GET /webfonts/fa-solid-900.woff2
2024/09/04 17:27:31 [::1]:63610 GET /webfonts/fa-brands-400.woff2
2024/09/04 17:27:31 [::1]:63610 GET /webfonts/fa-solid-900.ttf
2024/09/04 17:27:31 [::1]:63611 GET /webfonts/fa-brands-400.ttf
2024/09/04 17:27:50 [::1]:63611 GET /
2024/09/04 17:27:50 [::1]:63611 GET /webfonts/fa-solid-900.woff2
2024/09/04 17:27:50 [::1]:63610 GET /webfonts/fa-brands-400.woff2
2024/09/04 17:27:51 [::1]:63610 GET /webfonts/fa-solid-900.ttf
2024/09/04 17:27:51 [::1]:63610 GET /webfonts/fa-brands-400.ttf
2024/09/04 17:27:58 [::1]:63610 GET /
2024/09/04 17:27:58 [::1]:63610 GET /webfonts/fa-solid-900.woff2
2024/09/04 17:27:58 [::1]:63611 GET /webfonts/fa-brands-400.woff2
2024/09/04 17:27:58 [::1]:63610 GET /webfonts/fa-brands-400.ttf
2024/09/04 17:27:58 [::1]:63611 GET /webfonts/fa-solid-900.ttf
2024/09/04 17:28:10 [::1]:63611 GET /
2024/09/04 17:28:10 [::1]:63611 GET /webfonts/fa-solid-900.woff2
2024/09/04 17:28:10 [::1]:63610 GET /webfonts/fa-brands-400.woff2
2024/09/04 17:28:10 [::1]:63610 GET /webfonts/fa-solid-900.ttf
2024/09/04 17:28:10 [::1]:63611 GET /webfonts/fa-brands-400.ttf
2024/09/04 17:28:26 [::1]:63610 GET /
2024/09/04 17:28:26 [::1]:63610 GET /webfonts/fa-solid-900.woff2
2024/09/04 17:28:26 [::1]:63611 GET /webfonts/fa-brands-400.woff2
2024/09/04 17:28:26 [::1]:63611 GET /webfonts/fa-solid-900.ttf
2024/09/04 17:28:26 [::1]:63610 GET /webfonts/fa-brands-400.ttf
2024/09/04 17:28:48 [::1]:63610 GET /
2024/09/04 17:28:48 [::1]:63610 GET /webfonts/fa-solid-900.woff2
2024/09/04 17:28:48 [::1]:63611 GET /webfonts/fa-brands-400.woff2
2024/09/04 17:28:48 [::1]:63611 GET /webfonts/fa-solid-900.ttf
2024/09/04 17:28:48 [::1]:63610 GET /webfonts/fa-brands-400.ttf
2024/09/04 17:28:51 [::1]:63610 GET /
2024/09/04 17:28:51 [::1]:63610 GET /webfonts/fa-solid-900.woff2
2024/09/04 17:28:51 [::1]:63611 GET /webfonts/fa-brands-400.woff2
2024/09/04 17:28:51 [::1]:63611 GET /webfonts/fa-solid-900.ttf
2024/09/04 17:28:51 [::1]:63610 GET /webfonts/fa-brands-400.ttf
2024/09/04 17:29:19 [::1]:63610 GET /
2024/09/04 17:29:19 [::1]:63610 GET /radiant.css
2024/09/04 17:29:19 [::1]:63610 GET /index_files/jquery-3.7.1.min.js.%CE%B1%CF%81%CF%87%CE%B5%CE%AF%CE%BF%20%CE%BB%CE%AE%CF%88%CE%B7%CF%82
2024/09/04 17:29:19 [::1]:63611 GET /index_files/popper.min.js.%CE%B1%CF%81%CF%87%CE%B5%CE%AF%CE%BF%20%CE%BB%CE%AE%CF%88%CE%B7%CF%82
2024/09/04 17:29:19 [::1]:63498 GET /index_files/bootstrap.min.js.%CE%B1%CF%81%CF%87%CE%B5%CE%AF%CE%BF%20%CE%BB%CE%AE%CF%88%CE%B7%CF%82
2024/09/04 17:29:19 [::1]:63609 GET /index_files/sweetalert2.all.min.js.%CE%B1%CF%81%CF%87%CE%B5%CE%AF%CE%BF%20%CE%BB%CE%AE%CF%88%CE%B7%CF%82
2024/09/04 17:29:19 [::1]:63612 GET /index_files/tsparticles.bundle.min.js.%CE%B1%CF%81%CF%87%CE%B5%CE%AF%CE%BF%20%CE%BB%CE%AE%CF%88%CE%B7%CF%82
2024/09/04 17:29:19 [::1]:63496 GET /index_files/skin.min.js.%CE%B1%CF%81%CF%87%CE%B5%CE%AF%CE%BF%20%CE%BB%CE%AE%CF%88%CE%B7%CF%82
2024/09/04 17:29:19 [::1]:63496 GET /index_files/site.js.%CE%B1%CF%81%CF%87%CE%B5%CE%AF%CE%BF%20%CE%BB%CE%AE%CF%88%CE%B7%CF%82
2024/09/04 17:29:19 [::1]:63612 GET /index_files/discord.js.%CE%B1%CF%81%CF%87%CE%B5%CE%AF%CE%BF%20%CE%BB%CE%AE%CF%88%CE%B7%CF%82
2024/09/04 17:29:19 [::1]:63609 GET /index_files/tebex.png
2024/09/04 17:29:19 [::1]:63496 GET /webfonts/fa-brands-400.woff2
2024/09/04 17:29:19 [::1]:63609 GET /webfonts/fa-solid-900.woff2
2024/09/04 17:29:19 [::1]:63496 GET /webfonts/fa-solid-900.ttf
2024/09/04 17:29:19 [::1]:63609 GET /webfonts/fa-brands-400.ttf
2024/09/04 17:30:29 [::1]:63609 GET /
2024/09/04 17:30:30 [::1]:63609 GET /webfonts/fa-solid-900.woff2
2024/09/04 17:30:30 [::1]:63496 GET /webfonts/fa-brands-400.woff2
2024/09/04 17:30:30 [::1]:63496 GET /webfonts/fa-solid-900.ttf
2024/09/04 17:30:30 [::1]:63609 GET /webfonts/fa-brands-400.ttf
2024/09/04 17:31:24 [::1]:63496 GET /
2024/09/04 17:31:24 [::1]:63496 GET /index_files/1.js.%CE%B1%CF%81%CF%87%CE%B5%CE%AF%CE%BF%20%CE%BB%CE%AE%CF%88%CE%B7%CF%82
2024/09/04 17:31:24 [::1]:63609 GET /index_files/css2
2024/09/04 17:31:24 [::1]:63612 GET /index_files/all.min.css
2024/09/04 17:31:24 [::1]:63498 GET /index_files/bootstrap.min.css
2024/09/04 17:31:24 [::1]:63496 GET /index_files/meadowjane.png
2024/09/04 17:31:24 [::1]:63611 GET /index_files/ECamavinga.png
2024/09/04 17:31:24 [::1]:63611 GET /index_files/MmMDoHnUtS7069.png
2024/09/04 17:31:24 [::1]:63496 GET /index_files/lTenebrous.png
2024/09/04 17:31:24 [::1]:63498 GET /index_files/OldCrazyN8.png
2024/09/04 17:31:24 [::1]:63612 GET /index_files/sdk.js.%CE%B1%CF%81%CF%87%CE%B5%CE%AF%CE%BF%20%CE%BB%CE%AE%CF%88%CE%B7%CF%82
2024/09/04 17:31:24 [::1]:63609 GET /index_files/sdk-core-v1.1.60.js.%CE%B1%CF%81%CF%87%CE%B5%CE%AF%CE%BF%20%CE%BB%CE%AE%CF%88%CE%B7%CF%82
2024/09/04 17:31:24 [::1]:63610 GET /index_files/f56ef34144a83f3c76d02c0644162248dc8ee340.png
2024/09/04 17:31:24 [::1]:63610 GET /index_files/50
2024/09/04 17:31:24 [::1]:63609 GET /index_files/16b280f6ac7e08cf82655b9ccb971c6df8d4558f.png
2024/09/04 17:31:24 [::1]:63612 GET /index_files/450cb976d1458714a73204f66e24e29f8d862755.png
2024/09/04 17:31:24 [::1]:63498 GET /index_files/coldfire.webp
2024/09/04 17:31:24 [::1]:63496 GET /index_files/device.js.%CE%B1%CF%81%CF%87%CE%B5%CE%AF%CE%BF%20%CE%BB%CE%AE%CF%88%CE%B7%CF%82
2024/09/04 17:31:24 [::1]:63496 GET /webfonts/fa-solid-900.woff2
2024/09/04 17:31:24 [::1]:63498 GET /webfonts/fa-brands-400.woff2
2024/09/04 17:31:24 [::1]:63498 GET /webfonts/fa-solid-900.ttf
2024/09/04 17:31:24 [::1]:63496 GET /webfonts/fa-brands-400.ttf
2024/09/04 17:32:59 [::1]:63496 GET /
2024/09/04 17:32:59 [::1]:63496 GET /radiant.css
2024/09/04 17:32:59 [::1]:63496 GET /webfonts/fa-solid-900.woff2
2024/09/04 17:32:59 [::1]:63498 GET /webfonts/fa-brands-400.woff2
2024/09/04 17:32:59 [::1]:63498 GET /webfonts/fa-solid-900.ttf
2024/09/04 17:32:59 [::1]:63496 GET /webfonts/fa-brands-400.ttf
2024/09/04 17:33:35 [::1]:63496 GET /
2024/09/04 17:33:35 [::1]:63496 GET /index_files/jquery-3.7.1.min.js.%CE%B1%CF%81%CF%87%CE%B5%CE%AF%CE%BF%20%CE%BB%CE%AE%CF%88%CE%B7%CF%82
2024/09/04 17:33:35 [::1]:63498 GET /index_files/popper.min.js.%CE%B1%CF%81%CF%87%CE%B5%CE%AF%CE%BF%20%CE%BB%CE%AE%CF%88%CE%B7%CF%82
2024/09/04 17:33:35 [::1]:63498 GET /index_files/sweetalert2.all.min.js.%CE%B1%CF%81%CF%87%CE%B5%CE%AF%CE%BF%20%CE%BB%CE%AE%CF%88%CE%B7%CF%82
2024/09/04 17:33:35 [::1]:63496 GET /index_files/bootstrap.min.js.%CE%B1%CF%81%CF%87%CE%B5%CE%AF%CE%BF%20%CE%BB%CE%AE%CF%88%CE%B7%CF%82
2024/09/04 17:33:35 [::1]:63612 GET /index_files/tsparticles.bundle.min.js.%CE%B1%CF%81%CF%87%CE%B5%CE%AF%CE%BF%20%CE%BB%CE%AE%CF%88%CE%B7%CF%82
2024/09/04 17:33:35 [::1]:63612 GET /webfonts/fa-solid-900.woff2
2024/09/04 17:33:35 [::1]:63496 GET /webfonts/fa-brands-400.woff2
2024/09/04 17:33:35 [::1]:63496 GET /webfonts/fa-solid-900.ttf
2024/09/04 17:33:35 [::1]:63612 GET /webfonts/fa-brands-400.ttf
2024/09/04 17:33:56 [::1]:63612 GET /
2024/09/04 17:33:56 [::1]:63612 GET /webfonts/fa-solid-900.woff2
2024/09/04 17:33:56 [::1]:63496 GET /webfonts/fa-brands-400.woff2
2024/09/04 17:33:56 [::1]:63496 GET /webfonts/fa-solid-900.ttf
2024/09/04 17:33:56 [::1]:63612 GET /webfonts/fa-brands-400.ttf
2024/09/04 17:34:12 [::1]:63496 GET /
2024/09/04 17:34:12 [::1]:63496 GET /webfonts/fa-solid-900.woff2
2024/09/04 17:34:12 [::1]:63612 GET /webfonts/fa-brands-400.woff2
2024/09/04 17:34:12 [::1]:63612 GET /webfonts/fa-solid-900.ttf
2024/09/04 17:34:12 [::1]:63496 GET /webfonts/fa-brands-400.ttf
2024/09/04 17:34:25 [::1]:63496 GET /
2024/09/04 17:34:25 [::1]:63496 GET /webfonts/fa-solid-900.woff2
2024/09/04 17:34:25 [::1]:63612 GET /webfonts/fa-brands-400.woff2
2024/09/04 17:34:25 [::1]:63612 GET /webfonts/fa-solid-900.ttf
2024/09/04 17:34:25 [::1]:63496 GET /webfonts/fa-brands-400.ttf
2024/09/04 17:35:42 [::1]:63612 GET /
2024/09/04 17:35:42 [::1]:63612 GET /index_files/1.js.%CE%B1%CF%81%CF%87%CE%B5%CE%AF%CE%BF%20%CE%BB%CE%AE%CF%88%CE%B7%CF%82
2024/09/04 17:35:42 [::1]:63612 GET /index_files/css2
2024/09/04 17:35:42 [::1]:63496 GET /index_files/all.min.css
2024/09/04 17:35:42 [::1]:63498 GET /index_files/bootstrap.min.css
2024/09/04 17:35:42 [::1]:63610 GET /index_files/meadowjane.png
2024/09/04 17:35:42 [::1]:63609 GET /index_files/ECamavinga.png
2024/09/04 17:35:42 [::1]:63611 GET /index_files/MmMDoHnUtS7069.png
2024/09/04 17:35:42 [::1]:63611 GET /index_files/lTenebrous.png
2024/09/04 17:35:42 [::1]:63609 GET /index_files/OldCrazyN8.png
2024/09/04 17:35:42 [::1]:63610 GET /index_files/sdk-core-v1.1.60.js.%CE%B1%CF%81%CF%87%CE%B5%CE%AF%CE%BF%20%CE%BB%CE%AE%CF%88%CE%B7%CF%82
2024/09/04 17:35:42 [::1]:63498 GET /index_files/f56ef34144a83f3c76d02c0644162248dc8ee340.png
2024/09/04 17:35:42 [::1]:63496 GET /index_files/50
2024/09/04 17:35:42 [::1]:63612 GET /index_files/16b280f6ac7e08cf82655b9ccb971c6df8d4558f.png
2024/09/04 17:35:42 [::1]:63612 GET /index_files/450cb976d1458714a73204f66e24e29f8d862755.png
2024/09/04 17:35:42 [::1]:63496 GET /index_files/coldfire.webp
2024/09/04 17:35:42 [::1]:63498 GET /index_files/device.js.%CE%B1%CF%81%CF%87%CE%B5%CE%AF%CE%BF%20%CE%BB%CE%AE%CF%88%CE%B7%CF%82
2024/09/04 17:35:42 [::1]:63498 GET /webfonts/fa-solid-900.woff2
2024/09/04 17:35:42 [::1]:63496 GET /webfonts/fa-brands-400.woff2
2024/09/04 17:35:42 [::1]:63498 GET /webfonts/fa-brands-400.ttf
2024/09/04 17:35:42 [::1]:63496 GET /webfonts/fa-solid-900.ttf
2024/09/04 17:36:14 [::1]:63496 GET /
2024/09/04 17:36:14 [::1]:63496 GET /radiant.css
2024/09/04 17:36:14 [::1]:63496 GET /webfonts/fa-solid-900.woff2
2024/09/04 17:36:14 [::1]:63498 GET /webfonts/fa-brands-400.woff2
2024/09/04 17:36:14 [::1]:63498 GET /webfonts/fa-solid-900.ttf
2024/09/04 17:36:14 [::1]:63496 GET /webfonts/fa-brands-400.ttf
2024/09/04 17:36:21 [::1]:63496 GET /
2024/09/04 17:36:21 [::1]:63496 GET /webfonts/fa-solid-900.woff2
2024/09/04 17:36:21 [::1]:63498 GET /webfonts/fa-brands-400.woff2
2024/09/04 17:36:22 [::1]:63498 GET /webfonts/fa-solid-900.ttf
2024/09/04 17:36:22 [::1]:63496 GET /webfonts/fa-brands-400.ttf
2024/09/04 17:36:50 [::1]:63498 GET /
2024/09/04 17:36:50 [::1]:63498 GET /webfonts/fa-solid-900.woff2
2024/09/04 17:36:50 [::1]:63496 GET /webfonts/fa-brands-400.woff2
2024/09/04 17:36:50 [::1]:63496 GET /webfonts/fa-solid-900.ttf
2024/09/04 17:36:50 [::1]:63498 GET /webfonts/fa-brands-400.ttf
2024/09/04 17:37:03 [::1]:63498 GET /
2024/09/04 17:37:03 [::1]:63498 GET /webfonts/fa-solid-900.woff2
2024/09/04 17:37:03 [::1]:63496 GET /webfonts/fa-brands-400.woff2
2024/09/04 17:37:03 [::1]:63496 GET /webfonts/fa-solid-900.ttf
2024/09/04 17:37:03 [::1]:63498 GET /webfonts/fa-brands-400.ttf
2024/09/04 17:37:13 [::1]:63498 GET /
2024/09/04 17:37:13 [::1]:63498 GET /webfonts/fa-solid-900.woff2
2024/09/04 17:37:13 [::1]:63496 GET /webfonts/fa-brands-400.woff2
2024/09/04 17:37:13 [::1]:63496 GET /webfonts/fa-solid-900.ttf
2024/09/04 17:37:13 [::1]:63498 GET /webfonts/fa-brands-400.ttf
2024/09/04 17:37:20 [::1]:63498 GET /
2024/09/04 17:37:20 [::1]:63498 GET /webfonts/fa-solid-900.woff2
2024/09/04 17:37:20 [::1]:63496 GET /webfonts/fa-brands-400.woff2
2024/09/04 17:37:20 [::1]:63496 GET /webfonts/fa-solid-900.ttf
2024/09/04 17:37:20 [::1]:63498 GET /webfonts/fa-brands-400.ttf
2024/09/04 17:37:28 [::1]:63498 GET /index_files/popper.min.js.map
2024/09/04 17:37:28 [::1]:63496 GET /index_files/bootstrap.min.js.map
2024/09/04 17:37:28 [::1]:63496 GET /index_files/device.js.map
2024/09/04 17:37:28 [::1]:63498 GET /index_files/tebex.min.js.map
2024/09/04 17:37:28 [::1]:63498 GET /index_files/bootstrap.min.css.map
2024/09/04 17:37:57 [::1]:63797 GET /
2024/09/04 17:37:57 [::1]:63797 GET /index_files/jquery-3.7.1.min.js.%CE%B1%CF%81%CF%87%CE%B5%CE%AF%CE%BF%20%CE%BB%CE%AE%CF%88%CE%B7%CF%82
2024/09/04 17:37:57 [::1]:63798 GET /index_files/popper.min.js.%CE%B1%CF%81%CF%87%CE%B5%CE%AF%CE%BF%20%CE%BB%CE%AE%CF%88%CE%B7%CF%82
2024/09/04 17:37:57 [::1]:63797 GET /index_files/bootstrap.min.js.%CE%B1%CF%81%CF%87%CE%B5%CE%AF%CE%BF%20%CE%BB%CE%AE%CF%88%CE%B7%CF%82
2024/09/04 17:37:57 [::1]:63799 GET /index_files/sweetalert2.all.min.js.%CE%B1%CF%81%CF%87%CE%B5%CE%AF%CE%BF%20%CE%BB%CE%AE%CF%88%CE%B7%CF%82
2024/09/04 17:37:57 [::1]:63798 GET /index_files/tsparticles.bundle.min.js.%CE%B1%CF%81%CF%87%CE%B5%CE%AF%CE%BF%20%CE%BB%CE%AE%CF%88%CE%B7%CF%82
2024/09/04 17:37:57 [::1]:63798 GET /webfonts/fa-solid-900.woff2
2024/09/04 17:37:57 [::1]:63799 GET /webfonts/fa-brands-400.woff2
2024/09/04 17:37:57 [::1]:63799 GET /webfonts/fa-solid-900.ttf
2024/09/04 17:37:57 [::1]:63798 GET /webfonts/fa-brands-400.ttf
2024/09/04 17:38:02 [::1]:63799 GET /
2024/09/04 17:38:02 [::1]:63798 GET /webfonts/fa-brands-400.woff2
2024/09/04 17:38:02 [::1]:63799 GET /webfonts/fa-solid-900.woff2
2024/09/04 17:38:02 [::1]:63799 GET /webfonts/fa-brands-400.ttf
2024/09/04 17:38:02 [::1]:63798 GET /webfonts/fa-solid-900.ttf
2024/09/04 17:38:17 [::1]:63798 GET /index_files/popper.min.js.map
2024/09/04 17:38:17 [::1]:63799 GET /index_files/bootstrap.min.js.map
2024/09/04 17:38:17 [::1]:63799 GET /index_files/device.js.map
2024/09/04 17:38:17 [::1]:63798 GET /index_files/tebex.min.js.map
2024/09/04 17:38:17 [::1]:63798 GET /index_files/bootstrap.min.css.map
2024/09/04 17:38:40 [::1]:63798 GET /
2024/09/04 17:38:40 [::1]:63799 GET /webfonts/fa-brands-400.woff2
2024/09/04 17:38:40 [::1]:63798 GET /webfonts/fa-solid-900.woff2
2024/09/04 17:38:40 [::1]:63798 GET /index_files/bootstrap.min.css.map
2024/09/04 17:38:40 [::1]:63798 GET /webfonts/fa-brands-400.ttf
2024/09/04 17:38:40 [::1]:63799 GET /webfonts/fa-solid-900.ttf
2024/09/04 17:38:40 [::1]:63798 GET /index_files/popper.min.js.map
2024/09/04 17:38:40 [::1]:63799 GET /index_files/bootstrap.min.js.map
2024/09/04 17:38:41 [::1]:63799 GET /index_files/tebex.min.js.map
2024/09/04 17:38:41 [::1]:63799 GET /index_files/device.js.map
2024/09/04 17:38:44 [::1]:63799 GET /
2024/09/04 17:38:44 [::1]:63799 GET /webfonts/fa-solid-900.woff2
2024/09/04 17:38:44 [::1]:63798 GET /webfonts/fa-brands-400.woff2
2024/09/04 17:38:44 [::1]:63799 GET /webfonts/fa-brands-400.ttf
2024/09/04 17:38:44 [::1]:63798 GET /webfonts/fa-solid-900.ttf
2024/09/04 17:40:10 [::1]:63799 GET /
2024/09/04 17:40:10 [::1]:63799 GET /index_files/1.js.%CE%B1%CF%81%CF%87%CE%B5%CE%AF%CE%BF%20%CE%BB%CE%AE%CF%88%CE%B7%CF%82
2024/09/04 17:40:10 [::1]:63798 GET /index_files/css2
2024/09/04 17:40:10 [::1]:63797 GET /index_files/all.min.css
2024/09/04 17:40:10 [::1]:63799 GET /index_files/bootstrap.min.css
2024/09/04 17:40:10 [::1]:63848 GET /radiant.css
2024/09/04 17:40:10 [::1]:63849 GET /index_files/meadowjane.png
2024/09/04 17:40:10 [::1]:63849 GET /index_files/ECamavinga.png
2024/09/04 17:40:10 [::1]:63848 GET /index_files/MmMDoHnUtS7069.png
2024/09/04 17:40:10 [::1]:63799 GET /index_files/lTenebrous.png
2024/09/04 17:40:10 [::1]:63797 GET /index_files/OldCrazyN8.png
2024/09/04 17:40:10 [::1]:63797 GET /index_files/sdk-core-v1.1.60.js.%CE%B1%CF%81%CF%87%CE%B5%CE%AF%CE%BF%20%CE%BB%CE%AE%CF%88%CE%B7%CF%82
2024/09/04 17:40:10 [::1]:63799 GET /index_files/f56ef34144a83f3c76d02c0644162248dc8ee340.png
2024/09/04 17:40:10 [::1]:63848 GET /index_files/50
2024/09/04 17:40:10 [::1]:63848 GET /index_files/16b280f6ac7e08cf82655b9ccb971c6df8d4558f.png
2024/09/04 17:40:10 [::1]:63799 GET /index_files/450cb976d1458714a73204f66e24e29f8d862755.png
2024/09/04 17:40:10 [::1]:63797 GET /index_files/coldfire.webp
2024/09/04 17:40:10 [::1]:63848 GET /index_files/device.js.%CE%B1%CF%81%CF%87%CE%B5%CE%AF%CE%BF%20%CE%BB%CE%AE%CF%88%CE%B7%CF%82
2024/09/04 17:40:10 [::1]:63848 GET /webfonts/fa-solid-900.woff2
2024/09/04 17:40:10 [::1]:63797 GET /webfonts/fa-brands-400.woff2
2024/09/04 17:40:10 [::1]:63797 GET /webfonts/fa-solid-900.ttf
2024/09/04 17:40:10 [::1]:63848 GET /webfonts/fa-brands-400.ttf
2024/09/04 17:40:20 [::1]:63848 GET /
2024/09/04 17:40:21 [::1]:63848 GET /webfonts/fa-solid-900.woff2
2024/09/04 17:40:21 [::1]:63797 GET /webfonts/fa-brands-400.woff2
2024/09/04 17:40:21 [::1]:63848 GET /webfonts/fa-brands-400.ttf
2024/09/04 17:40:21 [::1]:63797 GET /webfonts/fa-solid-900.ttf
2024/09/04 17:45:26 [::1]:63989 GET /
2024/09/04 17:45:26 [::1]:63989 GET /index_files/1.js.%CE%B1%CF%81%CF%87%CE%B5%CE%AF%CE%BF%20%CE%BB%CE%AE%CF%88%CE%B7%CF%82
2024/09/04 17:45:26 [::1]:63990 GET /index_files/css2
2024/09/04 17:45:26 [::1]:63991 GET /index_files/all.min.css
2024/09/04 17:45:26 [::1]:63992 GET /index_files/bootstrap.min.css
2024/09/04 17:45:26 [::1]:63993 GET /radiant.css
2024/09/04 17:45:26 [::1]:63994 GET /index_files/meadowjane.png
2024/09/04 17:45:26 [::1]:63993 GET /index_files/ECamavinga.png
2024/09/04 17:45:26 [::1]:63994 GET /index_files/MmMDoHnUtS7069.png
2024/09/04 17:45:26 [::1]:63992 GET /index_files/lTenebrous.png
2024/09/04 17:45:26 [::1]:63991 GET /index_files/OldCrazyN8.png
2024/09/04 17:45:26 [::1]:63990 GET /index_files/jquery-3.7.1.min.js.%CE%B1%CF%81%CF%87%CE%B5%CE%AF%CE%BF%20%CE%BB%CE%AE%CF%88%CE%B7%CF%82
2024/09/04 17:45:26 [::1]:63989 GET /index_files/popper.min.js.%CE%B1%CF%81%CF%87%CE%B5%CE%AF%CE%BF%20%CE%BB%CE%AE%CF%88%CE%B7%CF%82
2024/09/04 17:45:26 [::1]:63989 GET /index_files/bootstrap.min.js.%CE%B1%CF%81%CF%87%CE%B5%CE%AF%CE%BF%20%CE%BB%CE%AE%CF%88%CE%B7%CF%82
2024/09/04 17:45:26 [::1]:63990 GET /index_files/sweetalert2.all.min.js.%CE%B1%CF%81%CF%87%CE%B5%CE%AF%CE%BF%20%CE%BB%CE%AE%CF%88%CE%B7%CF%82
2024/09/04 17:45:26 [::1]:63991 GET /index_files/tsparticles.bundle.min.js.%CE%B1%CF%81%CF%87%CE%B5%CE%AF%CE%BF%20%CE%BB%CE%AE%CF%88%CE%B7%CF%82
2024/09/04 17:45:26 [::1]:63992 GET /index_files/sdk-core-v1.1.60.js.%CE%B1%CF%81%CF%87%CE%B5%CE%AF%CE%BF%20%CE%BB%CE%AE%CF%88%CE%B7%CF%82
2024/09/04 17:45:26 [::1]:63993 GET /index_files/f56ef34144a83f3c76d02c0644162248dc8ee340.png
2024/09/04 17:45:26 [::1]:63994 GET /index_files/50
2024/09/04 17:45:26 [::1]:63994 GET /index_files/16b280f6ac7e08cf82655b9ccb971c6df8d4558f.png
2024/09/04 17:45:26 [::1]:63993 GET /index_files/450cb976d1458714a73204f66e24e29f8d862755.png
2024/09/04 17:45:26 [::1]:63992 GET /index_files/coldfire.webp
2024/09/04 17:45:26 [::1]:63991 GET /index_files/device.js.%CE%B1%CF%81%CF%87%CE%B5%CE%AF%CE%BF%20%CE%BB%CE%AE%CF%88%CE%B7%CF%82
2024/09/04 17:45:26 [::1]:63992 GET /webfonts/fa-brands-400.woff2
2024/09/04 17:45:26 [::1]:63991 GET /webfonts/fa-solid-900.woff2
2024/09/04 17:45:26 [::1]:63991 GET /webfonts/fa-brands-400.ttf
2024/09/04 17:45:26 [::1]:63992 GET /webfonts/fa-solid-900.ttf
2024/09/04 17:45:49 [::1]:63992 GET /
2024/09/04 17:45:49 [::1]:63991 GET /webfonts/fa-brands-400.woff2
2024/09/04 17:45:49 [::1]:63992 GET /webfonts/fa-solid-900.woff2
2024/09/04 17:45:49 [::1]:63991 GET /webfonts/fa-solid-900.ttf
2024/09/04 17:45:49 [::1]:63991 GET /webfonts/fa-brands-400.ttf
2024/09/04 17:46:09 [::1]:63991 GET /index_files/popper.min.js.map
2024/09/04 17:46:09 [::1]:63992 GET /index_files/bootstrap.min.js.map
2024/09/04 17:46:09 [::1]:63993 GET /index_files/device.js.map
2024/09/04 17:46:09 [::1]:63994 GET /index_files/tebex.min.js.map
2024/09/04 17:46:09 [::1]:63994 GET /index_files/bootstrap.min.css.map
2024/09/04 17:46:36 [::1]:63994 GET /
2024/09/04 17:46:36 [::1]:63994 GET /index_files/bootstrap.min.css.map
2024/09/04 17:46:36 [::1]:63993 GET /webfonts/fa-brands-400.woff2
2024/09/04 17:46:36 [::1]:63992 GET /webfonts/fa-solid-900.woff2
2024/09/04 17:46:36 [::1]:63992 GET /webfonts/fa-brands-400.ttf
2024/09/04 17:46:36 [::1]:63993 GET /webfonts/fa-solid-900.ttf
2024/09/04 17:46:36 [::1]:63993 GET /index_files/popper.min.js.map
2024/09/04 17:46:36 [::1]:63992 GET /index_files/bootstrap.min.js.map
2024/09/04 17:46:36 [::1]:63992 GET /index_files/tebex.min.js.map
2024/09/04 17:46:36 [::1]:63992 GET /index_files/device.js.map
2024/09/04 17:46:38 [::1]:63992 GET /
2024/09/04 17:46:38 [::1]:63992 GET /webfonts/fa-solid-900.woff2
2024/09/04 17:46:38 [::1]:63993 GET /webfonts/fa-brands-400.woff2
2024/09/04 17:46:38 [::1]:63993 GET /webfonts/fa-solid-900.ttf
2024/09/04 17:46:38 [::1]:63993 GET /webfonts/fa-brands-400.ttf
2024/09/04 17:46:41 [::1]:63993 GET /index_files/bootstrap.min.js.map
2024/09/04 17:46:41 [::1]:63992 GET /index_files/popper.min.js.map
2024/09/04 17:46:41 [::1]:63994 GET /index_files/device.js.map
2024/09/04 17:46:41 [::1]:63992 GET /index_files/tebex.min.js.map
2024/09/04 17:46:41 [::1]:63992 GET /index_files/bootstrap.min.css.map
2024/09/04 17:46:58 [::1]:63992 GET /
2024/09/04 17:46:58 [::1]:63992 GET /index_files/bootstrap.min.css.map
2024/09/04 17:46:58 [::1]:63992 GET /webfonts/fa-solid-900.woff2
2024/09/04 17:46:58 [::1]:63994 GET /webfonts/fa-brands-400.woff2
2024/09/04 17:46:58 [::1]:63994 GET /webfonts/fa-solid-900.ttf
2024/09/04 17:46:58 [::1]:63992 GET /webfonts/fa-brands-400.ttf
2024/09/04 17:46:59 [::1]:63992 GET /index_files/popper.min.js.map
2024/09/04 17:46:59 [::1]:63994 GET /index_files/bootstrap.min.js.map
2024/09/04 17:46:59 [::1]:63994 GET /index_files/device.js.map
2024/09/04 17:46:59 [::1]:63994 GET /index_files/tebex.min.js.map
2024/09/04 17:47:23 [::1]:63994 GET /
2024/09/04 17:47:23 [::1]:63994 GET /webfonts/fa-solid-900.woff2
2024/09/04 17:47:23 [::1]:63992 GET /webfonts/fa-brands-400.woff2
2024/09/04 17:47:23 [::1]:63994 GET /webfonts/fa-brands-400.ttf
2024/09/04 17:47:23 [::1]:63992 GET /webfonts/fa-solid-900.ttf
2024/09/04 17:47:43 [::1]:63992 GET /
2024/09/04 17:47:43 [::1]:63992 GET /webfonts/fa-solid-900.woff2
2024/09/04 17:47:43 [::1]:63994 GET /webfonts/fa-brands-400.woff2
2024/09/04 17:47:43 [::1]:63994 GET /webfonts/fa-solid-900.ttf
2024/09/04 17:47:43 [::1]:63992 GET /webfonts/fa-brands-400.ttf
2024/09/04 17:48:13 [::1]:63992 GET /
2024/09/04 17:48:13 [::1]:63992 GET /webfonts/fa-solid-900.woff2
2024/09/04 17:48:13 [::1]:63994 GET /webfonts/fa-brands-400.woff2
2024/09/04 17:48:13 [::1]:63994 GET /webfonts/fa-solid-900.ttf
2024/09/04 17:48:13 [::1]:63992 GET /webfonts/fa-brands-400.ttf
2024/09/04 17:48:19 [::1]:63992 GET /
2024/09/04 17:48:19 [::1]:63992 GET /webfonts/fa-solid-900.woff2
2024/09/04 17:48:19 [::1]:63994 GET /webfonts/fa-brands-400.woff2
2024/09/04 17:48:19 [::1]:63994 GET /webfonts/fa-solid-900.ttf
2024/09/04 17:48:19 [::1]:63992 GET /webfonts/fa-brands-400.ttf
2024/09/04 17:48:25 [::1]:63994 GET /
2024/09/04 17:48:25 [::1]:63994 GET /webfonts/fa-solid-900.woff2
2024/09/04 17:48:25 [::1]:63992 GET /webfonts/fa-brands-400.woff2
2024/09/04 17:48:25 [::1]:63994 GET /webfonts/fa-brands-400.ttf
2024/09/04 17:48:25 [::1]:63992 GET /webfonts/fa-solid-900.ttf
2024/09/04 17:48:32 [::1]:63992 GET /
2024/09/04 17:48:32 [::1]:63992 GET /webfonts/fa-solid-900.woff2
2024/09/04 17:48:32 [::1]:63994 GET /webfonts/fa-brands-400.woff2
2024/09/04 17:48:32 [::1]:63994 GET /webfonts/fa-solid-900.ttf
2024/09/04 17:48:32 [::1]:63992 GET /webfonts/fa-brands-400.ttf
2024/09/04 17:49:17 [::1]:63992 GET /
2024/09/04 17:49:17 [::1]:63992 GET /webfonts/fa-solid-900.woff2
2024/09/04 17:49:17 [::1]:63994 GET /webfonts/fa-brands-400.woff2
2024/09/04 17:49:17 [::1]:63992 GET /webfonts/fa-brands-400.ttf
2024/09/04 17:49:17 [::1]:63994 GET /webfonts/fa-solid-900.ttf
2024/09/04 17:49:43 [::1]:63994 GET /
2024/09/04 17:49:43 [::1]:63994 GET /radiant.css
2024/09/04 17:49:43 [::1]:63994 GET /webfonts/fa-solid-900.woff2
2024/09/04 17:49:43 [::1]:63992 GET /webfonts/fa-brands-400.woff2
2024/09/04 17:49:43 [::1]:63992 GET /webfonts/fa-solid-900.ttf
2024/09/04 17:49:43 [::1]:63994 GET /webfonts/fa-brands-400.ttf
2024/09/04 17:49:48 [::1]:63994 GET /
2024/09/04 17:49:48 [::1]:63994 GET /webfonts/fa-solid-900.woff2
2024/09/04 17:49:48 [::1]:63992 GET /webfonts/fa-brands-400.woff2
2024/09/04 17:49:48 [::1]:63992 GET /webfonts/fa-solid-900.ttf
2024/09/04 17:49:48 [::1]:63994 GET /webfonts/fa-brands-400.ttf
2024/09/04 17:51:41 [::1]:63994 GET /
2024/09/04 17:51:41 [::1]:63994 GET /index_files/1.js.%CE%B1%CF%81%CF%87%CE%B5%CE%AF%CE%BF%20%CE%BB%CE%AE%CF%88%CE%B7%CF%82
2024/09/04 17:51:41 [::1]:63994 GET /index_files/css2
2024/09/04 17:51:41 [::1]:63992 GET /index_files/all.min.css
2024/09/04 17:51:41 [::1]:62150 GET /index_files/bootstrap.min.css
2024/09/04 17:51:41 [::1]:62151 GET /index_files/meadowjane.png
2024/09/04 17:51:41 [::1]:62152 GET /index_files/ECamavinga.png
2024/09/04 17:51:41 [::1]:62152 GET /index_files/MmMDoHnUtS7069.png
2024/09/04 17:51:41 [::1]:62151 GET /index_files/lTenebrous.png
2024/09/04 17:51:41 [::1]:62152 GET /index_files/OldCrazyN8.png
2024/09/04 17:51:41 [::1]:63992 GET /index_files/popper.min.js.%CE%B1%CF%81%CF%87%CE%B5%CE%AF%CE%BF%20%CE%BB%CE%AE%CF%88%CE%B7%CF%82
2024/09/04 17:51:41 [::1]:62150 GET /index_files/jquery-3.7.1.min.js.%CE%B1%CF%81%CF%87%CE%B5%CE%AF%CE%BF%20%CE%BB%CE%AE%CF%88%CE%B7%CF%82
2024/09/04 17:51:41 [::1]:62151 GET /index_files/bootstrap.min.js.%CE%B1%CF%81%CF%87%CE%B5%CE%AF%CE%BF%20%CE%BB%CE%AE%CF%88%CE%B7%CF%82
2024/09/04 17:51:41 [::1]:63992 GET /index_files/sweetalert2.all.min.js.%CE%B1%CF%81%CF%87%CE%B5%CE%AF%CE%BF%20%CE%BB%CE%AE%CF%88%CE%B7%CF%82
2024/09/04 17:51:41 [::1]:62151 GET /index_files/tsparticles.bundle.min.js.%CE%B1%CF%81%CF%87%CE%B5%CE%AF%CE%BF%20%CE%BB%CE%AE%CF%88%CE%B7%CF%82
2024/09/04 17:51:41 [::1]:63992 GET /index_files/sdk-core-v1.1.60.js.%CE%B1%CF%81%CF%87%CE%B5%CE%AF%CE%BF%20%CE%BB%CE%AE%CF%88%CE%B7%CF%82
2024/09/04 17:51:41 [::1]:62150 GET /index_files/f56ef34144a83f3c76d02c0644162248dc8ee340.png
2024/09/04 17:51:41 [::1]:62151 GET /index_files/50
2024/09/04 17:51:41 [::1]:62152 GET /index_files/coldfire.webp
2024/09/04 17:51:41 [::1]:62150 GET /index_files/device.js.%CE%B1%CF%81%CF%87%CE%B5%CE%AF%CE%BF%20%CE%BB%CE%AE%CF%88%CE%B7%CF%82
2024/09/04 17:51:41 [::1]:62150 GET /webfonts/fa-solid-900.woff2
2024/09/04 17:51:41 [::1]:62152 GET /webfonts/fa-brands-400.woff2
2024/09/04 17:51:41 [::1]:62152 GET /webfonts/fa-solid-900.ttf
2024/09/04 17:51:41 [::1]:62152 GET /webfonts/fa-brands-400.ttf
2024/09/04 17:51:56 [::1]:62152 GET /
2024/09/04 17:51:56 [::1]:62152 GET /webfonts/fa-solid-900.woff2
2024/09/04 17:51:56 [::1]:62150 GET /webfonts/fa-brands-400.woff2
2024/09/04 17:51:56 [::1]:62150 GET /webfonts/fa-solid-900.ttf
2024/09/04 17:51:56 [::1]:62152 GET /webfonts/fa-brands-400.ttf
2024/09/04 17:52:06 [::1]:62150 GET /
2024/09/04 17:52:06 [::1]:62150 GET /webfonts/fa-solid-900.woff2
2024/09/04 17:52:06 [::1]:62152 GET /webfonts/fa-brands-400.woff2
2024/09/04 17:52:06 [::1]:62150 GET /webfonts/fa-brands-400.ttf
2024/09/04 17:52:06 [::1]:62152 GET /webfonts/fa-solid-900.ttf
2024/09/04 17:52:47 [::1]:62152 GET /
2024/09/04 17:52:47 [::1]:62152 GET /webfonts/fa-solid-900.woff2
2024/09/04 17:52:47 [::1]:62150 GET /webfonts/fa-brands-400.woff2
2024/09/04 17:52:47 [::1]:62150 GET /webfonts/fa-solid-900.ttf
2024/09/04 17:52:47 [::1]:62152 GET /webfonts/fa-brands-400.ttf
2024/09/04 17:53:21 [::1]:62152 GET /
2024/09/04 17:53:21 [::1]:62152 GET /webfonts/fa-solid-900.woff2
2024/09/04 17:53:21 [::1]:62150 GET /webfonts/fa-brands-400.woff2
2024/09/04 17:53:21 [::1]:62152 GET /webfonts/fa-brands-400.ttf
2024/09/04 17:53:21 [::1]:62150 GET /webfonts/fa-solid-900.ttf
2024/09/04 17:53:42 [::1]:62150 GET /index_files/popper.min.js.map
2024/09/04 17:53:42 [::1]:62152 GET /index_files/bootstrap.min.js.map
2024/09/04 17:53:42 [::1]:62150 GET /index_files/tebex.min.js.map
2024/09/04 17:53:42 [::1]:62152 GET /index_files/device.js.map
2024/09/04 17:53:42 [::1]:62152 GET /index_files/bootstrap.min.css.map
2024/09/04 17:54:06 [::1]:62199 GET /
2024/09/04 17:54:06 [::1]:62199 GET /webfonts/fa-solid-900.woff2
2024/09/04 17:54:06 [::1]:62200 GET /webfonts/fa-brands-400.woff2
2024/09/04 17:54:06 [::1]:62200 GET /webfonts/fa-solid-900.ttf
2024/09/04 17:54:06 [::1]:62199 GET /webfonts/fa-brands-400.ttf
2024/09/04 17:54:10 [::1]:62199 GET /
2024/09/04 17:54:10 [::1]:62199 GET /webfonts/fa-solid-900.woff2
2024/09/04 17:54:10 [::1]:62200 GET /webfonts/fa-brands-400.woff2
2024/09/04 17:54:10 [::1]:62200 GET /webfonts/fa-solid-900.ttf
2024/09/04 17:54:10 [::1]:62200 GET /webfonts/fa-brands-400.ttf
2024/09/04 17:54:11 [::1]:62200 GET /
2024/09/04 17:54:11 [::1]:62200 GET /webfonts/fa-solid-900.woff2
2024/09/04 17:54:11 [::1]:62199 GET /webfonts/fa-brands-400.woff2
2024/09/04 17:54:11 [::1]:62199 GET /webfonts/fa-solid-900.ttf
2024/09/04 17:54:11 [::1]:62200 GET /webfonts/fa-brands-400.ttf
2024/09/04 17:54:11 [::1]:62200 GET /
2024/09/04 17:54:11 [::1]:62200 GET /webfonts/fa-solid-900.woff2
2024/09/04 17:54:11 [::1]:62199 GET /webfonts/fa-brands-400.woff2
2024/09/04 17:54:11 [::1]:62199 GET /webfonts/fa-solid-900.ttf
2024/09/04 17:54:11 [::1]:62200 GET /webfonts/fa-brands-400.ttf
2024/09/04 17:54:12 [::1]:62200 GET /
2024/09/04 17:54:12 [::1]:62200 GET /webfonts/fa-solid-900.woff2
2024/09/04 17:54:12 [::1]:62199 GET /webfonts/fa-brands-400.woff2
2024/09/04 17:54:12 [::1]:62199 GET /webfonts/fa-solid-900.ttf
2024/09/04 17:54:12 [::1]:62200 GET /webfonts/fa-brands-400.ttf
2024/09/04 17:54:12 [::1]:62199 GET /
2024/09/04 17:54:12 [::1]:62199 GET /webfonts/fa-solid-900.woff2
2024/09/04 17:54:12 [::1]:62200 GET /webfonts/fa-brands-400.woff2
2024/09/04 17:54:12 [::1]:62200 GET /webfonts/fa-solid-900.ttf
2024/09/04 17:54:12 [::1]:62199 GET /webfonts/fa-brands-400.ttf
2024/09/04 17:54:12 [::1]:62199 GET /
2024/09/04 17:54:12 [::1]:62199 GET /webfonts/fa-solid-900.woff2
2024/09/04 17:54:12 [::1]:62200 GET /webfonts/fa-brands-400.woff2
2024/09/04 17:54:12 [::1]:62200 GET /webfonts/fa-solid-900.ttf
2024/09/04 17:54:12 [::1]:62199 GET /webfonts/fa-brands-400.ttf
2024/09/04 17:54:12 [::1]:62199 GET /
2024/09/04 17:54:12 [::1]:62199 GET /webfonts/fa-solid-900.woff2
2024/09/04 17:54:12 [::1]:62200 GET /webfonts/fa-brands-400.woff2
2024/09/04 17:54:12 [::1]:62199 GET /webfonts/fa-brands-400.ttf
2024/09/04 17:54:12 [::1]:62200 GET /webfonts/fa-solid-900.ttf
2024/09/04 17:54:12 [::1]:62200 GET /
2024/09/04 17:54:12 [::1]:62200 GET /webfonts/fa-solid-900.woff2
2024/09/04 17:54:12 [::1]:62199 GET /webfonts/fa-brands-400.woff2
2024/09/04 17:54:12 [::1]:62200 GET /webfonts/fa-brands-400.ttf
2024/09/04 17:54:12 [::1]:62199 GET /webfonts/fa-solid-900.ttf
2024/09/04 17:54:13 [::1]:62199 GET /
2024/09/04 17:54:13 [::1]:62199 GET /radiant.css
2024/09/04 17:54:13 [::1]:62199 GET /webfonts/fa-solid-900.woff2
2024/09/04 17:54:13 [::1]:62200 GET /webfonts/fa-brands-400.woff2
2024/09/04 17:54:13 [::1]:62200 GET /webfonts/fa-solid-900.ttf
2024/09/04 17:54:13 [::1]:62199 GET /webfonts/fa-brands-400.ttf
2024/09/04 17:54:13 [::1]:62199 GET /
2024/09/04 17:54:13 [::1]:62199 GET /webfonts/fa-solid-900.woff2
2024/09/04 17:54:13 [::1]:62200 GET /webfonts/fa-brands-400.woff2
2024/09/04 17:54:13 [::1]:62200 GET /webfonts/fa-solid-900.ttf
2024/09/04 17:54:13 [::1]:62199 GET /webfonts/fa-brands-400.ttf
2024/09/04 17:54:13 [::1]:62199 GET /
2024/09/04 17:54:13 [::1]:62199 GET /webfonts/fa-solid-900.woff2
2024/09/04 17:54:13 [::1]:62200 GET /webfonts/fa-brands-400.woff2
2024/09/04 17:54:13 [::1]:62200 GET /webfonts/fa-solid-900.ttf
2024/09/04 17:54:13 [::1]:62199 GET /webfonts/fa-brands-400.ttf
2024/09/04 17:54:26 [::1]:62199 GET /
2024/09/04 17:54:27 [::1]:62199 GET /webfonts/fa-solid-900.woff2
2024/09/04 17:54:27 [::1]:62199 GET /webfonts/fa-brands-400.woff2
2024/09/04 17:54:27 [::1]:62199 GET /webfonts/fa-solid-900.ttf
2024/09/04 17:54:27 [::1]:62200 GET /webfonts/fa-brands-400.ttf
2024/09/04 17:54:27 [::1]:62199 GET /
2024/09/04 17:54:27 [::1]:62199 GET /webfonts/fa-solid-900.woff2
2024/09/04 17:54:27 [::1]:62200 GET /webfonts/fa-brands-400.woff2
2024/09/04 17:54:27 [::1]:62199 GET /webfonts/fa-brands-400.ttf
2024/09/04 17:54:27 [::1]:62200 GET /webfonts/fa-solid-900.ttf
2024/09/04 17:54:27 [::1]:62199 GET /
2024/09/04 17:54:27 [::1]:62199 GET /webfonts/fa-solid-900.woff2
2024/09/04 17:54:27 [::1]:62200 GET /webfonts/fa-brands-400.woff2
2024/09/04 17:54:27 [::1]:62200 GET /webfonts/fa-solid-900.ttf
2024/09/04 17:54:27 [::1]:62199 GET /webfonts/fa-brands-400.ttf
2024/09/04 17:54:28 [::1]:62199 GET /
2024/09/04 17:54:28 [::1]:62199 GET /webfonts/fa-solid-900.woff2
2024/09/04 17:54:28 [::1]:62200 GET /webfonts/fa-brands-400.woff2
2024/09/04 17:54:28 [::1]:62200 GET /webfonts/fa-solid-900.ttf
2024/09/04 17:54:28 [::1]:62199 GET /webfonts/fa-brands-400.ttf
2024/09/04 17:54:55 [::1]:62200 GET /
2024/09/04 17:54:55 [::1]:62200 GET /webfonts/fa-solid-900.woff2
2024/09/04 17:54:55 [::1]:62199 GET /webfonts/fa-brands-400.woff2
2024/09/04 17:54:55 [::1]:62200 GET /webfonts/fa-brands-400.ttf
2024/09/04 17:54:55 [::1]:62199 GET /webfonts/fa-solid-900.ttf
2024/09/04 17:55:30 [::1]:62199 GET /
2024/09/04 17:55:30 [::1]:62199 GET /webfonts/fa-solid-900.woff2
2024/09/04 17:55:30 [::1]:62200 GET /webfonts/fa-brands-400.woff2
2024/09/04 17:55:30 [::1]:62199 GET /webfonts/fa-brands-400.ttf
2024/09/04 17:55:30 [::1]:62200 GET /webfonts/fa-solid-900.ttf
2024/09/04 17:55:41 [::1]:62200 GET /
2024/09/04 17:55:41 [::1]:62200 GET /webfonts/fa-solid-900.woff2
2024/09/04 17:55:41 [::1]:62199 GET /webfonts/fa-brands-400.woff2
2024/09/04 17:55:41 [::1]:62200 GET /webfonts/fa-brands-400.ttf
2024/09/04 17:55:41 [::1]:62199 GET /webfonts/fa-solid-900.ttf
2024/09/04 17:55:43 [::1]:62200 GET /index_files/popper.min.js.map
2024/09/04 17:55:43 [::1]:62199 GET /index_files/bootstrap.min.js.map
2024/09/04 17:55:43 [::1]:62199 GET /index_files/device.js.map
2024/09/04 17:55:43 [::1]:62200 GET /index_files/tebex.min.js.map
2024/09/04 17:55:43 [::1]:62200 GET /index_files/bootstrap.min.css.map
2024/09/04 17:56:34 [::1]:62200 GET /
2024/09/04 17:56:34 [::1]:62200 GET /index_files/bootstrap.min.css.map
2024/09/04 17:56:34 [::1]:62199 GET /webfonts/fa-solid-900.woff2
2024/09/04 17:56:34 [::1]:62199 GET /webfonts/fa-brands-400.woff2
2024/09/04 17:56:34 [::1]:62199 GET /
2024/09/04 17:56:34 [::1]:62199 GET /index_files/popper.min.js.map
2024/09/04 17:56:34 [::1]:62200 GET /index_files/bootstrap.min.js.map
2024/09/04 17:56:34 [::1]:62200 GET /index_files/bootstrap.min.css.map
2024/09/04 17:56:34 [::1]:62200 GET /webfonts/fa-solid-900.woff2
2024/09/04 17:56:34 [::1]:62200 GET /webfonts/fa-brands-400.woff2
2024/09/04 17:56:34 [::1]:62200 GET /webfonts/fa-solid-900.ttf
2024/09/04 17:56:34 [::1]:62200 GET /webfonts/fa-brands-400.ttf
2024/09/04 17:56:34 [::1]:62200 GET /index_files/popper.min.js.map
2024/09/04 17:56:34 [::1]:62200 GET /index_files/bootstrap.min.js.map
2024/09/04 17:56:34 [::1]:62200 GET /index_files/tebex.min.js.map
2024/09/04 17:56:35 [::1]:62200 GET /index_files/device.js.map
2024/09/04 17:56:36 [::1]:62200 GET /
2024/09/04 17:56:36 [::1]:62200 GET /webfonts/fa-solid-900.woff2
2024/09/04 17:56:36 [::1]:62199 GET /webfonts/fa-brands-400.woff2
2024/09/04 17:56:36 [::1]:62200 GET /webfonts/fa-brands-400.ttf
2024/09/04 17:56:36 [::1]:62199 GET /webfonts/fa-solid-900.ttf
2024/09/04 17:56:48 [::1]:62199 GET /
2024/09/04 17:56:48 [::1]:62199 GET /webfonts/fa-solid-900.woff2
2024/09/04 17:56:48 [::1]:62200 GET /webfonts/fa-brands-400.woff2
2024/09/04 17:56:48 [::1]:62199 GET /webfonts/fa-brands-400.ttf
2024/09/04 17:56:48 [::1]:62200 GET /webfonts/fa-solid-900.ttf
2024/09/04 17:56:49 [::1]:62199 GET /
2024/09/04 17:56:49 [::1]:62199 GET /webfonts/fa-solid-900.woff2
2024/09/04 17:56:49 [::1]:62200 GET /webfonts/fa-brands-400.woff2
2024/09/04 17:56:49 [::1]:62199 GET /webfonts/fa-brands-400.ttf
2024/09/04 17:56:49 [::1]:62200 GET /webfonts/fa-solid-900.ttf
2024/09/04 17:56:50 [::1]:62200 GET /
2024/09/04 17:56:50 [::1]:62200 GET /webfonts/fa-solid-900.woff2
2024/09/04 17:56:50 [::1]:62199 GET /webfonts/fa-brands-400.woff2
2024/09/04 17:56:50 [::1]:62199 GET /webfonts/fa-solid-900.ttf
2024/09/04 17:56:50 [::1]:62200 GET /webfonts/fa-brands-400.ttf
2024/09/04 17:56:50 [::1]:62200 GET /
2024/09/04 17:56:50 [::1]:62200 GET /webfonts/fa-solid-900.woff2
2024/09/04 17:56:50 [::1]:62199 GET /webfonts/fa-brands-400.woff2
2024/09/04 17:56:50 [::1]:62199 GET /webfonts/fa-solid-900.ttf
2024/09/04 17:56:50 [::1]:62200 GET /webfonts/fa-brands-400.ttf
2024/09/04 17:56:54 [::1]:62200 GET /
2024/09/04 17:56:54 [::1]:62199 GET /webfonts/fa-brands-400.woff2
2024/09/04 17:56:54 [::1]:62200 GET /webfonts/fa-solid-900.woff2
2024/09/04 17:56:54 [::1]:62200 GET /webfonts/fa-brands-400.ttf
2024/09/04 17:56:54 [::1]:62199 GET /webfonts/fa-solid-900.ttf
2024/09/04 17:57:00 [::1]:62199 GET /
2024/09/04 17:57:00 [::1]:62199 GET /webfonts/fa-solid-900.woff2
2024/09/04 17:57:00 [::1]:62200 GET /webfonts/fa-brands-400.woff2
2024/09/04 17:57:00 [::1]:62199 GET /webfonts/fa-brands-400.ttf
2024/09/04 17:57:00 [::1]:62200 GET /webfonts/fa-solid-900.ttf
2024/09/04 17:57:05 [::1]:62199 GET /
2024/09/04 17:57:05 [::1]:62199 GET /webfonts/fa-solid-900.woff2
2024/09/04 17:57:05 [::1]:62200 GET /webfonts/fa-brands-400.woff2
2024/09/04 17:57:05 [::1]:62200 GET /webfonts/fa-solid-900.ttf
2024/09/04 17:57:05 [::1]:62199 GET /webfonts/fa-brands-400.ttf
2024/09/04 17:57:13 [::1]:62200 GET /
2024/09/04 17:57:13 [::1]:62200 GET /webfonts/fa-solid-900.woff2
2024/09/04 17:57:13 [::1]:62199 GET /webfonts/fa-brands-400.woff2
2024/09/04 17:57:13 [::1]:62200 GET /webfonts/fa-brands-400.ttf
2024/09/04 17:57:13 [::1]:62199 GET /webfonts/fa-solid-900.ttf
2024/09/04 17:57:37 [::1]:62200 GET /
2024/09/04 17:57:37 [::1]:62200 GET /webfonts/fa-solid-900.woff2
2024/09/04 17:57:37 [::1]:62199 GET /webfonts/fa-brands-400.woff2
2024/09/04 17:57:37 [::1]:62200 GET /webfonts/fa-brands-400.ttf
2024/09/04 17:57:37 [::1]:62199 GET /webfonts/fa-solid-900.ttf
2024/09/04 17:57:42 [::1]:62200 GET /
2024/09/04 17:57:42 [::1]:62200 GET /index_files/1.js.%CE%B1%CF%81%CF%87%CE%B5%CE%AF%CE%BF%20%CE%BB%CE%AE%CF%88%CE%B7%CF%82
2024/09/04 17:57:42 [::1]:62199 GET /index_files/css2
2024/09/04 17:57:42 [::1]:62200 GET /index_files/all.min.css
2024/09/04 17:57:42 [::1]:62279 GET /index_files/bootstrap.min.css
2024/09/04 17:57:42 [::1]:62280 GET /index_files/meadowjane.png
2024/09/04 17:57:42 [::1]:62281 GET /index_files/ECamavinga.png
2024/09/04 17:57:42 [::1]:62200 GET /index_files/MmMDoHnUtS7069.png
2024/09/04 17:57:42 [::1]:62280 GET /index_files/lTenebrous.png
2024/09/04 17:57:42 [::1]:62200 GET /index_files/OldCrazyN8.png
2024/09/04 17:57:42 [::1]:62281 GET /index_files/jquery-3.7.1.min.js.%CE%B1%CF%81%CF%87%CE%B5%CE%AF%CE%BF%20%CE%BB%CE%AE%CF%88%CE%B7%CF%82
2024/09/04 17:57:42 [::1]:62279 GET /index_files/popper.min.js.%CE%B1%CF%81%CF%87%CE%B5%CE%AF%CE%BF%20%CE%BB%CE%AE%CF%88%CE%B7%CF%82
2024/09/04 17:57:42 [::1]:62199 GET /index_files/bootstrap.min.js.%CE%B1%CF%81%CF%87%CE%B5%CE%AF%CE%BF%20%CE%BB%CE%AE%CF%88%CE%B7%CF%82
2024/09/04 17:57:42 [::1]:62280 GET /index_files/sweetalert2.all.min.js.%CE%B1%CF%81%CF%87%CE%B5%CE%AF%CE%BF%20%CE%BB%CE%AE%CF%88%CE%B7%CF%82
2024/09/04 17:57:42 [::1]:62282 GET /index_files/tsparticles.bundle.min.js.%CE%B1%CF%81%CF%87%CE%B5%CE%AF%CE%BF%20%CE%BB%CE%AE%CF%88%CE%B7%CF%82
2024/09/04 17:57:42 [::1]:62282 GET /index_files/sdk-core-v1.1.60.js.%CE%B1%CF%81%CF%87%CE%B5%CE%AF%CE%BF%20%CE%BB%CE%AE%CF%88%CE%B7%CF%82
2024/09/04 17:57:42 [::1]:62199 GET /index_files/50
2024/09/04 17:57:42 [::1]:62200 GET /index_files/device.js.%CE%B1%CF%81%CF%87%CE%B5%CE%AF%CE%BF%20%CE%BB%CE%AE%CF%88%CE%B7%CF%82
2024/09/04 17:57:42 [::1]:62279 GET /index_files/coldfire.webp
2024/09/04 17:57:42 [::1]:62280 GET /index_files/f56ef34144a83f3c76d02c0644162248dc8ee340.png
2024/09/04 17:57:42 [::1]:62280 GET /webfonts/fa-solid-900.woff2
2024/09/04 17:57:42 [::1]:62279 GET /webfonts/fa-brands-400.woff2
2024/09/04 17:57:42 [::1]:62279 GET /webfonts/fa-solid-900.ttf
2024/09/04 17:57:42 [::1]:62280 GET /webfonts/fa-brands-400.ttf
2024/09/04 17:57:44 [::1]:62280 GET /
2024/09/04 17:57:44 [::1]:62280 GET /webfonts/fa-solid-900.woff2
2024/09/04 17:57:44 [::1]:62279 GET /webfonts/fa-brands-400.woff2
2024/09/04 17:57:44 [::1]:62279 GET /webfonts/fa-solid-900.ttf
2024/09/04 17:57:44 [::1]:62280 GET /webfonts/fa-brands-400.ttf
2024/09/04 17:57:52 [::1]:62280 GET /favicon.ico
2024/09/04 17:58:37 [::1]:62280 GET /
2024/09/04 17:58:37 [::1]:62279 GET /webfonts/fa-brands-400.woff2
2024/09/04 17:58:37 [::1]:62280 GET /webfonts/fa-solid-900.woff2
2024/09/04 17:58:37 [::1]:62280 GET /webfonts/fa-brands-400.ttf
2024/09/04 17:58:37 [::1]:62280 GET /webfonts/fa-solid-900.ttf
2024/09/04 17:58:38 [::1]:62280 GET /
2024/09/04 17:58:38 [::1]:62280 GET /webfonts/fa-solid-900.woff2
2024/09/04 17:58:38 [::1]:62279 GET /webfonts/fa-brands-400.woff2
2024/09/04 17:58:38 [::1]:62279 GET /webfonts/fa-solid-900.ttf
2024/09/04 17:58:38 [::1]:62280 GET /webfonts/fa-brands-400.ttf
2024/09/04 17:58:49 [::1]:62280 GET /
2024/09/04 17:58:49 [::1]:62280 GET /webfonts/fa-solid-900.woff2
2024/09/04 17:58:49 [::1]:62279 GET /webfonts/fa-brands-400.woff2
2024/09/04 17:58:49 [::1]:62280 GET /webfonts/fa-brands-400.ttf
2024/09/04 17:58:49 [::1]:62279 GET /webfonts/fa-solid-900.ttf
2024/09/04 17:58:55 [::1]:62280 GET /
2024/09/04 17:58:55 [::1]:62280 GET /webfonts/fa-solid-900.woff2
2024/09/04 17:58:55 [::1]:62279 GET /webfonts/fa-brands-400.woff2
2024/09/04 17:58:55 [::1]:62279 GET /webfonts/fa-solid-900.ttf
2024/09/04 17:58:55 [::1]:62280 GET /webfonts/fa-brands-400.ttf
2024/09/04 17:59:00 [::1]:62280 GET /
2024/09/04 17:59:00 [::1]:62280 GET /webfonts/fa-solid-900.woff2
2024/09/04 17:59:00 [::1]:62279 GET /webfonts/fa-brands-400.woff2
2024/09/04 17:59:00 [::1]:62279 GET /webfonts/fa-solid-900.ttf
2024/09/04 17:59:00 [::1]:62280 GET /webfonts/fa-brands-400.ttf
2024/09/04 17:59:00 [::1]:62280 GET /
2024/09/04 17:59:00 [::1]:62280 GET /webfonts/fa-solid-900.woff2
2024/09/04 17:59:00 [::1]:62279 GET /webfonts/fa-brands-400.woff2
2024/09/04 17:59:00 [::1]:62280 GET /webfonts/fa-brands-400.ttf
2024/09/04 17:59:00 [::1]:62279 GET /webfonts/fa-solid-900.ttf
2024/09/04 17:59:06 [::1]:62279 GET /
2024/09/04 17:59:06 [::1]:62279 GET /webfonts/fa-solid-900.woff2
2024/09/04 17:59:06 [::1]:62280 GET /webfonts/fa-brands-400.woff2
2024/09/04 17:59:06 [::1]:62279 GET /webfonts/fa-brands-400.ttf
2024/09/04 17:59:06 [::1]:62280 GET /webfonts/fa-solid-900.ttf
2024/09/04 17:59:07 [::1]:62280 GET /
2024/09/04 17:59:07 [::1]:62280 GET /webfonts/fa-solid-900.woff2
2024/09/04 17:59:07 [::1]:62279 GET /webfonts/fa-brands-400.woff2
2024/09/04 17:59:07 [::1]:62279 GET /webfonts/fa-solid-900.ttf
2024/09/04 17:59:07 [::1]:62280 GET /webfonts/fa-brands-400.ttf
2024/09/04 17:59:16 [::1]:62279 GET /
2024/09/04 17:59:16 [::1]:62279 GET /radiant.css
2024/09/04 17:59:16 [::1]:62279 GET /webfonts/fa-solid-900.woff2
2024/09/04 17:59:16 [::1]:62280 GET /webfonts/fa-brands-400.woff2
2024/09/04 17:59:16 [::1]:62280 GET /webfonts/fa-solid-900.ttf
2024/09/04 17:59:16 [::1]:62279 GET /webfonts/fa-brands-400.ttf
2024/09/04 17:59:38 [::1]:62280 GET /
2024/09/04 17:59:38 [::1]:62280 GET /webfonts/fa-solid-900.woff2
2024/09/04 17:59:38 [::1]:62279 GET /webfonts/fa-brands-400.woff2
2024/09/04 17:59:38 [::1]:62280 GET /webfonts/fa-brands-400.ttf
2024/09/04 17:59:38 [::1]:62279 GET /webfonts/fa-solid-900.ttf
2024/09/04 17:59:43 [::1]:62279 GET /
2024/09/04 17:59:43 [::1]:62279 GET /webfonts/fa-solid-900.woff2
2024/09/04 17:59:43 [::1]:62280 GET /webfonts/fa-brands-400.woff2
2024/09/04 17:59:43 [::1]:62280 GET /webfonts/fa-solid-900.ttf
2024/09/04 17:59:43 [::1]:62279 GET /webfonts/fa-brands-400.ttf
2024/09/04 17:59:58 [::1]:62280 GET /
2024/09/04 17:59:58 [::1]:62280 GET /webfonts/fa-solid-900.woff2
2024/09/04 17:59:58 [::1]:62279 GET /webfonts/fa-brands-400.woff2
2024/09/04 17:59:58 [::1]:62279 GET /webfonts/fa-solid-900.ttf
2024/09/04 17:59:58 [::1]:62280 GET /webfonts/fa-brands-400.ttf
2024/09/04 18:00:33 [::1]:62280 GET /
2024/09/04 18:00:33 [::1]:62280 GET /webfonts/fa-solid-900.woff2
2024/09/04 18:00:33 [::1]:62279 GET /webfonts/fa-brands-400.woff2
2024/09/04 18:00:33 [::1]:62279 GET /webfonts/fa-solid-900.ttf
2024/09/04 18:00:33 [::1]:62279 GET /webfonts/fa-brands-400.ttf
2024/09/04 18:05:01 [::1]:62408 GET /
2024/09/04 18:05:02 [::1]:62408 GET /index_files/1.js.%CE%B1%CF%81%CF%87%CE%B5%CE%AF%CE%BF%20%CE%BB%CE%AE%CF%88%CE%B7%CF%82
2024/09/04 18:05:02 [::1]:62408 GET /index_files/css2
2024/09/04 18:05:02 [::1]:62409 GET /index_files/all.min.css
2024/09/04 18:05:02 [::1]:62410 GET /index_files/bootstrap.min.css
2024/09/04 18:05:02 [::1]:62411 GET /radiant.css
2024/09/04 18:05:02 [::1]:62412 GET /index_files/meadowjane.png
2024/09/04 18:05:02 [::1]:62413 GET /index_files/ECamavinga.png
2024/09/04 18:05:02 [::1]:62413 GET /index_files/MmMDoHnUtS7069.png
2024/09/04 18:05:02 [::1]:62412 GET /index_files/lTenebrous.png
2024/09/04 18:05:02 [::1]:62411 GET /index_files/OldCrazyN8.png
2024/09/04 18:05:02 [::1]:62410 GET /index_files/skin.min.js.%CE%B1%CF%81%CF%87%CE%B5%CE%AF%CE%BF%20%CE%BB%CE%AE%CF%88%CE%B7%CF%82
2024/09/04 18:05:02 [::1]:62409 GET /index_files/site.js.%CE%B1%CF%81%CF%87%CE%B5%CE%AF%CE%BF%20%CE%BB%CE%AE%CF%88%CE%B7%CF%82
2024/09/04 18:05:02 [::1]:62410 GET /index_files/discord.js.%CE%B1%CF%81%CF%87%CE%B5%CE%AF%CE%BF%20%CE%BB%CE%AE%CF%88%CE%B7%CF%82
2024/09/04 18:05:02 [::1]:62409 GET /index_files/jquery-3.7.1.min.js.%CE%B1%CF%81%CF%87%CE%B5%CE%AF%CE%BF%20%CE%BB%CE%AE%CF%88%CE%B7%CF%82
2024/09/04 18:05:02 [::1]:62410 GET /index_files/popper.min.js.%CE%B1%CF%81%CF%87%CE%B5%CE%AF%CE%BF%20%CE%BB%CE%AE%CF%88%CE%B7%CF%82
2024/09/04 18:05:02 [::1]:62412 GET /index_files/bootstrap.min.js.%CE%B1%CF%81%CF%87%CE%B5%CE%AF%CE%BF%20%CE%BB%CE%AE%CF%88%CE%B7%CF%82
2024/09/04 18:05:02 [::1]:62411 GET /index_files/sweetalert2.all.min.js.%CE%B1%CF%81%CF%87%CE%B5%CE%AF%CE%BF%20%CE%BB%CE%AE%CF%88%CE%B7%CF%82
2024/09/04 18:05:02 [::1]:62413 GET /index_files/tsparticles.bundle.min.js.%CE%B1%CF%81%CF%87%CE%B5%CE%AF%CE%BF%20%CE%BB%CE%AE%CF%88%CE%B7%CF%82
2024/09/04 18:05:02 [::1]:62410 GET /index_files/sdk-core-v1.1.60.js.%CE%B1%CF%81%CF%87%CE%B5%CE%AF%CE%BF%20%CE%BB%CE%AE%CF%88%CE%B7%CF%82
2024/09/04 18:05:02 [::1]:62410 GET /index_files/f56ef34144a83f3c76d02c0644162248dc8ee340.png
2024/09/04 18:05:02 [::1]:62413 GET /index_files/50
2024/09/04 18:05:02 [::1]:62411 GET /index_files/coldfire.webp
2024/09/04 18:05:02 [::1]:62412 GET /index_files/device.js.%CE%B1%CF%81%CF%87%CE%B5%CE%AF%CE%BF%20%CE%BB%CE%AE%CF%88%CE%B7%CF%82
2024/09/04 18:05:02 [::1]:62412 GET /webfonts/fa-solid-900.woff2
2024/09/04 18:05:02 [::1]:62411 GET /webfonts/fa-brands-400.woff2
2024/09/04 18:05:02 [::1]:62411 GET /webfonts/fa-solid-900.ttf
2024/09/04 18:05:02 [::1]:62412 GET /webfonts/fa-brands-400.ttf
2024/09/04 18:05:17 [::1]:62411 GET /
2024/09/04 18:05:17 [::1]:62411 GET /webfonts/fa-solid-900.woff2
2024/09/04 18:05:17 [::1]:62412 GET /webfonts/fa-brands-400.woff2
2024/09/04 18:05:17 [::1]:62412 GET /webfonts/fa-solid-900.ttf
2024/09/04 18:05:17 [::1]:62411 GET /webfonts/fa-brands-400.ttf
2024/09/04 18:09:50 [::1]:62550 GET /
2024/09/04 18:09:50 [::1]:62550 GET /webfonts/fa-solid-900.woff2
2024/09/04 18:09:50 [::1]:62551 GET /webfonts/fa-brands-400.woff2
2024/09/04 18:09:50 [::1]:62550 GET /webfonts/fa-brands-400.ttf
2024/09/04 18:09:50 [::1]:62550 GET /webfonts/fa-solid-900.ttf
2024/09/04 18:12:10 [::1]:62631 GET /
2024/09/04 18:12:10 [::1]:62631 GET /radiant.css
2024/09/04 18:12:10 [::1]:62631 GET /webfonts/fa-solid-900.woff2
2024/09/04 18:12:10 [::1]:62632 GET /webfonts/fa-brands-400.woff2
2024/09/04 18:12:10 [::1]:62632 GET /webfonts/fa-solid-900.ttf
2024/09/04 18:12:10 [::1]:62631 GET /webfonts/fa-brands-400.ttf
2024/09/04 18:15:50 [::1]:62786 GET /
2024/09/04 18:15:50 [::1]:62786 GET /index_files/1.js.%CE%B1%CF%81%CF%87%CE%B5%CE%AF%CE%BF%20%CE%BB%CE%AE%CF%88%CE%B7%CF%82
2024/09/04 18:15:50 [::1]:62788 GET /index_files/css2
2024/09/04 18:15:50 [::1]:62789 GET /index_files/all.min.css
2024/09/04 18:15:50 [::1]:62790 GET /index_files/bootstrap.min.css
2024/09/04 18:15:50 [::1]:62791 GET /index_files/meadowjane.png
2024/09/04 18:15:50 [::1]:62792 GET /index_files/ECamavinga.png
2024/09/04 18:15:50 [::1]:62792 GET /index_files/MmMDoHnUtS7069.png
2024/09/04 18:15:50 [::1]:62791 GET /index_files/lTenebrous.png
2024/09/04 18:15:50 [::1]:62790 GET /index_files/OldCrazyN8.png
2024/09/04 18:15:50 [::1]:62789 GET /index_files/jquery-3.7.1.min.js.%CE%B1%CF%81%CF%87%CE%B5%CE%AF%CE%BF%20%CE%BB%CE%AE%CF%88%CE%B7%CF%82
2024/09/04 18:15:50 [::1]:62788 GET /index_files/popper.min.js.%CE%B1%CF%81%CF%87%CE%B5%CE%AF%CE%BF%20%CE%BB%CE%AE%CF%88%CE%B7%CF%82
2024/09/04 18:15:50 [::1]:62786 GET /index_files/bootstrap.min.js.%CE%B1%CF%81%CF%87%CE%B5%CE%AF%CE%BF%20%CE%BB%CE%AE%CF%88%CE%B7%CF%82
2024/09/04 18:15:50 [::1]:62786 GET /index_files/sweetalert2.all.min.js.%CE%B1%CF%81%CF%87%CE%B5%CE%AF%CE%BF%20%CE%BB%CE%AE%CF%88%CE%B7%CF%82
2024/09/04 18:15:50 [::1]:62788 GET /index_files/tsparticles.bundle.min.js.%CE%B1%CF%81%CF%87%CE%B5%CE%AF%CE%BF%20%CE%BB%CE%AE%CF%88%CE%B7%CF%82
2024/09/04 18:15:50 [::1]:62790 GET /index_files/f56ef34144a83f3c76d02c0644162248dc8ee340.png
2024/09/04 18:15:50 [::1]:62791 GET /index_files/50
2024/09/04 18:15:50 [::1]:62789 GET /index_files/sdk-core-v1.1.60.js.%CE%B1%CF%81%CF%87%CE%B5%CE%AF%CE%BF%20%CE%BB%CE%AE%CF%88%CE%B7%CF%82
2024/09/04 18:15:50 [::1]:62792 GET /index_files/coldfire.webp
2024/09/04 18:15:50 [::1]:62792 GET /index_files/device.js.%CE%B1%CF%81%CF%87%CE%B5%CE%AF%CE%BF%20%CE%BB%CE%AE%CF%88%CE%B7%CF%82
2024/09/04 18:15:50 [::1]:62792 GET /webfonts/fa-solid-900.woff2
2024/09/04 18:15:50 [::1]:62789 GET /webfonts/fa-brands-400.woff2
2024/09/04 18:15:50 [::1]:62789 GET /webfonts/fa-solid-900.ttf
2024/09/04 18:15:50 [::1]:62792 GET /webfonts/fa-brands-400.ttf
2024/09/04 18:16:23 [::1]:62818 GET /
2024/09/04 18:16:23 [::1]:62818 GET /Vanilla%20Realms%20%E2%80%A2%20Welcome_files/skin.min.js.%CE%B1%CF%81%CF%87%CE%B5%CE%AF%CE%BF%20%CE%BB%CE%AE%CF%88%CE%B7%CF%82
2024/09/04 18:16:23 [::1]:62819 GET /Vanilla%20Realms%20%E2%80%A2%20Welcome_files/site.js.%CE%B1%CF%81%CF%87%CE%B5%CE%AF%CE%BF%20%CE%BB%CE%AE%CF%88%CE%B7%CF%82
2024/09/04 18:16:23 [::1]:62819 GET /webfonts/fa-solid-900.woff2
2024/09/04 18:16:23 [::1]:62818 GET /webfonts/fa-brands-400.woff2
2024/09/04 18:16:23 [::1]:62818 GET /webfonts/fa-solid-900.ttf
2024/09/04 18:16:23 [::1]:62818 GET /webfonts/fa-brands-400.ttf
2024/09/04 18:18:07 [::1]:62902 GET /
2024/09/04 18:18:07 [::1]:62902 GET /Vanilla%20Realms%20%E2%80%A2%20Welcome_files/skin.min.js.%CE%B1%CF%81%CF%87%CE%B5%CE%AF%CE%BF%20%CE%BB%CE%AE%CF%88%CE%B7%CF%82
2024/09/04 18:18:07 [::1]:62902 GET /Vanilla%20Realms%20%E2%80%A2%20Welcome_files/site.js.%CE%B1%CF%81%CF%87%CE%B5%CE%AF%CE%BF%20%CE%BB%CE%AE%CF%88%CE%B7%CF%82
2024/09/04 18:18:07 [::1]:62902 GET /webfonts/fa-solid-900.woff2
2024/09/04 18:18:07 [::1]:62903 GET /webfonts/fa-brands-400.woff2
2024/09/04 18:18:07 [::1]:62903 GET /webfonts/fa-solid-900.ttf
2024/09/04 18:18:07 [::1]:62902 GET /webfonts/fa-brands-400.ttf
2024/09/04 18:18:28 [::1]:62920 GET /
2024/09/04 18:18:29 [::1]:62920 GET /webfonts/fa-solid-900.woff2
2024/09/04 18:18:29 [::1]:62921 GET /webfonts/fa-brands-400.woff2
2024/09/04 18:18:29 [::1]:62921 GET /webfonts/fa-solid-900.ttf
2024/09/04 18:18:29 [::1]:62921 GET /webfonts/fa-brands-400.ttf
2024/09/04 18:18:44 [::1]:62933 GET /
2024/09/04 18:18:44 [::1]:62933 GET /webfonts/fa-solid-900.woff2
2024/09/04 18:18:44 [::1]:62934 GET /webfonts/fa-brands-400.woff2
2024/09/04 18:18:44 [::1]:62934 GET /webfonts/fa-solid-900.ttf
2024/09/04 18:18:44 [::1]:62933 GET /webfonts/fa-brands-400.ttf
2024/09/04 18:18:54 [::1]:62943 GET /
2024/09/04 18:18:54 [::1]:62943 GET /webfonts/fa-solid-900.woff2
2024/09/04 18:18:54 [::1]:62944 GET /webfonts/fa-brands-400.woff2
2024/09/04 18:18:54 [::1]:62944 GET /webfonts/fa-solid-900.ttf
2024/09/04 18:18:54 [::1]:62943 GET /webfonts/fa-brands-400.ttf
2024/09/04 18:19:03 [::1]:62954 GET /
2024/09/04 18:19:03 [::1]:62954 GET /radiant.css
2024/09/04 18:19:03 [::1]:62954 GET /webfonts/fa-solid-900.woff2
2024/09/04 18:19:03 [::1]:62955 GET /webfonts/fa-brands-400.woff2
2024/09/04 18:19:03 [::1]:62955 GET /webfonts/fa-solid-900.ttf
2024/09/04 18:19:03 [::1]:62954 GET /webfonts/fa-brands-400.ttf
2024/09/04 18:19:07 [::1]:62961 GET /
2024/09/04 18:19:07 [::1]:62961 GET /webfonts/fa-solid-900.woff2
2024/09/04 18:19:07 [::1]:62962 GET /webfonts/fa-brands-400.woff2
2024/09/04 18:19:07 [::1]:62961 GET /webfonts/fa-brands-400.ttf
2024/09/04 18:19:07 [::1]:62962 GET /webfonts/fa-solid-900.ttf
2024/09/04 18:19:19 [::1]:62971 GET /
2024/09/04 18:19:19 [::1]:62971 GET /Vanilla%20Realms%20%E2%80%A2%20Welcome_files/skin.min.js.%CE%B1%CF%81%CF%87%CE%B5%CE%AF%CE%BF%20%CE%BB%CE%AE%CF%88%CE%B7%CF%82
2024/09/04 18:19:19 [::1]:62972 GET /Vanilla%20Realms%20%E2%80%A2%20Welcome_files/site.js.%CE%B1%CF%81%CF%87%CE%B5%CE%AF%CE%BF%20%CE%BB%CE%AE%CF%88%CE%B7%CF%82
2024/09/04 18:19:19 [::1]:62973 GET /webfonts/fa-solid-900.woff2
2024/09/04 18:19:19 [::1]:62972 GET /webfonts/fa-brands-400.woff2
2024/09/04 18:19:19 [::1]:62973 GET /webfonts/fa-brands-400.ttf
2024/09/04 18:19:19 [::1]:62972 GET /webfonts/fa-solid-900.ttf
2024/09/04 18:19:26 [::1]:62982 GET /
2024/09/04 18:19:26 [::1]:62982 GET /webfonts/fa-solid-900.woff2
2024/09/04 18:19:26 [::1]:62983 GET /webfonts/fa-brands-400.woff2
2024/09/04 18:19:26 [::1]:62983 GET /webfonts/fa-solid-900.ttf
2024/09/04 18:19:26 [::1]:62982 GET /webfonts/fa-brands-400.ttf
2024/09/04 18:19:39 [::1]:62996 GET /
2024/09/04 18:19:39 [::1]:62996 GET /webfonts/fa-solid-900.woff2
2024/09/04 18:19:39 [::1]:62997 GET /webfonts/fa-brands-400.woff2
2024/09/04 18:19:39 [::1]:62997 GET /webfonts/fa-solid-900.ttf
2024/09/04 18:19:39 [::1]:62996 GET /webfonts/fa-brands-400.ttf
2024/09/04 18:19:52 [::1]:63009 GET /
2024/09/04 18:19:52 [::1]:63009 GET /webfonts/fa-solid-900.woff2
2024/09/04 18:19:52 [::1]:63010 GET /webfonts/fa-brands-400.woff2
2024/09/04 18:19:52 [::1]:63010 GET /webfonts/fa-solid-900.ttf
2024/09/04 18:19:52 [::1]:63009 GET /webfonts/fa-brands-400.ttf
2024/09/04 18:20:05 [::1]:63020 GET /
2024/09/04 18:20:05 [::1]:63020 GET /webfonts/fa-solid-900.woff2
2024/09/04 18:20:05 [::1]:63021 GET /webfonts/fa-brands-400.woff2
2024/09/04 18:20:05 [::1]:63021 GET /webfonts/fa-solid-900.ttf
2024/09/04 18:20:05 [::1]:63020 GET /webfonts/fa-brands-400.ttf
2024/09/04 18:20:12 [::1]:63030 GET /
2024/09/04 18:20:12 [::1]:63030 GET /webfonts/fa-solid-900.woff2
2024/09/04 18:20:12 [::1]:63031 GET /webfonts/fa-brands-400.woff2
2024/09/04 18:20:12 [::1]:63031 GET /webfonts/fa-solid-900.ttf
2024/09/04 18:20:12 [::1]:63030 GET /webfonts/fa-brands-400.ttf
2024/09/04 18:20:17 [::1]:63038 GET /
2024/09/04 18:20:17 [::1]:63038 GET /webfonts/fa-solid-900.woff2
2024/09/04 18:20:17 [::1]:63038 GET /webfonts/fa-brands-400.woff2
2024/09/04 18:20:17 [::1]:63038 GET /webfonts/fa-solid-900.ttf
2024/09/04 18:20:17 [::1]:63038 GET /webfonts/fa-brands-400.ttf
2024/09/04 18:20:29 [::1]:63048 GET /
2024/09/04 18:20:29 [::1]:63048 GET /webfonts/fa-solid-900.woff2
2024/09/04 18:20:29 [::1]:63049 GET /webfonts/fa-brands-400.woff2
2024/09/04 18:20:29 [::1]:63049 GET /webfonts/fa-solid-900.ttf
2024/09/04 18:20:29 [::1]:63048 GET /webfonts/fa-brands-400.ttf
2024/09/04 18:20:39 [::1]:63061 GET /
2024/09/04 18:20:39 [::1]:63061 GET /Vanilla%20Realms%20%E2%80%A2%20Welcome_files/skin.min.js.%CE%B1%CF%81%CF%87%CE%B5%CE%AF%CE%BF%20%CE%BB%CE%AE%CF%88%CE%B7%CF%82
2024/09/04 18:20:39 [::1]:63061 GET /Vanilla%20Realms%20%E2%80%A2%20Welcome_files/site.js.%CE%B1%CF%81%CF%87%CE%B5%CE%AF%CE%BF%20%CE%BB%CE%AE%CF%88%CE%B7%CF%82
2024/09/04 18:20:39 [::1]:63061 GET /webfonts/fa-solid-900.woff2
2024/09/04 18:20:39 [::1]:63062 GET /webfonts/fa-brands-400.woff2
2024/09/04 18:20:39 [::1]:63062 GET /webfonts/fa-solid-900.ttf
2024/09/04 18:20:39 [::1]:63061 GET /webfonts/fa-brands-400.ttf
